<?xml version="1.0" encoding="utf-8"?><testsuites><testsuite errors="0" failures="0" hostname="fd39a9b928cb" name="pytest" skipped="1" tests="32" time="4.218" timestamp="2020-05-19T08:29:17.239919"><testcase classname="test.unit.central_node_test" file="test/unit/central_node_test.py" line="58" name="test_telescope_health_state_matches_csp_master_leaf_node_health_state_after_start[HealthState.DEGRADED]" time="0.091"><system-out>1|2020-05-19T08:29:17.410Z|INFO|Thread-1|write_loggingLevel|base_device.py#455|tango-device:test/nodb/centralnode|Logging level set to LoggingLevel.INFO on Python and Tango loggers
1|2020-05-19T08:29:17.411Z|INFO|Thread-1|update_logging_handlers|base_device.py#163|tango-device:test/nodb/centralnode|Logging targets set to []
1|2020-05-19T08:29:17.411Z|INFO|Thread-1|init_device|base_device.py#364|tango-device:test/nodb/centralnode|No Groups loaded for device: test/nodb/centralnode
1|2020-05-19T08:29:17.411Z|INFO|Thread-1|init_device|base_device.py#366|tango-device:test/nodb/centralnode|Completed SKABaseDevice.init_device
1|2020-05-19T08:29:17.411Z|INFO|Thread-1|init_device|central_node.py#239|tango-device:test/nodb/centralnode|Device initialisating...
Ready to accept request
1|2020-05-19T08:29:17.415Z|INFO|MainThread|healthStateCallback|central_node.py#78|tango-device:test/nodb/centralnode|healthState of &lt;Mock name=&apos;mock.device&apos; id=&apos;140090441837088&apos;&gt; :-&gt; DEGRADED
</system-out><system-err>Can&apos;t create notifd event supplier. Notifd event not available
</system-err></testcase><testcase classname="test.unit.central_node_test" file="test/unit/central_node_test.py" line="58" name="test_telescope_health_state_matches_csp_master_leaf_node_health_state_after_start[HealthState.OK]" time="0.086"><system-out>1|2020-05-19T08:29:17.514Z|INFO|Thread-1|write_loggingLevel|base_device.py#455|tango-device:test/nodb/centralnode|Logging level set to LoggingLevel.INFO on Python and Tango loggers
1|2020-05-19T08:29:17.514Z|INFO|Thread-1|update_logging_handlers|base_device.py#163|tango-device:test/nodb/centralnode|Logging targets set to []
1|2020-05-19T08:29:17.515Z|INFO|Thread-1|init_device|base_device.py#364|tango-device:test/nodb/centralnode|No Groups loaded for device: test/nodb/centralnode
1|2020-05-19T08:29:17.515Z|INFO|Thread-1|init_device|base_device.py#366|tango-device:test/nodb/centralnode|Completed SKABaseDevice.init_device
1|2020-05-19T08:29:17.515Z|INFO|Thread-1|init_device|central_node.py#239|tango-device:test/nodb/centralnode|Device initialisating...
Ready to accept request
1|2020-05-19T08:29:17.519Z|INFO|MainThread|healthStateCallback|central_node.py#72|tango-device:test/nodb/centralnode|healthState of &lt;Mock name=&apos;mock.device&apos; id=&apos;140090441398256&apos;&gt; :-&gt; OK
</system-out><system-err>Can&apos;t create notifd event supplier. Notifd event not available
</system-err></testcase><testcase classname="test.unit.central_node_test" file="test/unit/central_node_test.py" line="58" name="test_telescope_health_state_matches_csp_master_leaf_node_health_state_after_start[HealthState.UNKNOWN]" time="0.089"><system-out>1|2020-05-19T08:29:17.615Z|INFO|Thread-1|write_loggingLevel|base_device.py#455|tango-device:test/nodb/centralnode|Logging level set to LoggingLevel.INFO on Python and Tango loggers
1|2020-05-19T08:29:17.616Z|INFO|Thread-1|update_logging_handlers|base_device.py#163|tango-device:test/nodb/centralnode|Logging targets set to []
1|2020-05-19T08:29:17.616Z|INFO|Thread-1|init_device|base_device.py#364|tango-device:test/nodb/centralnode|No Groups loaded for device: test/nodb/centralnode
1|2020-05-19T08:29:17.616Z|INFO|Thread-1|init_device|base_device.py#366|tango-device:test/nodb/centralnode|Completed SKABaseDevice.init_device
1|2020-05-19T08:29:17.616Z|INFO|Thread-1|init_device|central_node.py#239|tango-device:test/nodb/centralnode|Device initialisating...
Ready to accept request
1|2020-05-19T08:29:17.620Z|INFO|MainThread|healthStateCallback|central_node.py#90|tango-device:test/nodb/centralnode|healthState of &lt;Mock name=&apos;mock.device&apos; id=&apos;140090441398368&apos;&gt; :-&gt; UNKNOWN
</system-out><system-err>Can&apos;t create notifd event supplier. Notifd event not available
</system-err></testcase><testcase classname="test.unit.central_node_test" file="test/unit/central_node_test.py" line="58" name="test_telescope_health_state_matches_csp_master_leaf_node_health_state_after_start[HealthState.FAILED]" time="0.087"><system-out>1|2020-05-19T08:29:17.715Z|INFO|Thread-1|write_loggingLevel|base_device.py#455|tango-device:test/nodb/centralnode|Logging level set to LoggingLevel.INFO on Python and Tango loggers
1|2020-05-19T08:29:17.715Z|INFO|Thread-1|update_logging_handlers|base_device.py#163|tango-device:test/nodb/centralnode|Logging targets set to []
1|2020-05-19T08:29:17.715Z|INFO|Thread-1|init_device|base_device.py#364|tango-device:test/nodb/centralnode|No Groups loaded for device: test/nodb/centralnode
1|2020-05-19T08:29:17.716Z|INFO|Thread-1|init_device|base_device.py#366|tango-device:test/nodb/centralnode|Completed SKABaseDevice.init_device
1|2020-05-19T08:29:17.716Z|INFO|Thread-1|init_device|central_node.py#239|tango-device:test/nodb/centralnode|Device initialisating...
Ready to accept request
1|2020-05-19T08:29:17.720Z|INFO|MainThread|healthStateCallback|central_node.py#84|tango-device:test/nodb/centralnode|healthState of &lt;Mock name=&apos;mock.device&apos; id=&apos;140090441397976&apos;&gt; :-&gt; FAILED
</system-out><system-err>Can&apos;t create notifd event supplier. Notifd event not available
</system-err></testcase><testcase classname="test.unit.central_node_test" file="test/unit/central_node_test.py" line="77" name="test_telescope_health_state_is_ok_when_sdp_master_leaf_node_is_ok_after_start" time="0.088"><system-out>1|2020-05-19T08:29:17.814Z|INFO|Thread-1|write_loggingLevel|base_device.py#455|tango-device:test/nodb/centralnode|Logging level set to LoggingLevel.INFO on Python and Tango loggers
1|2020-05-19T08:29:17.815Z|INFO|Thread-1|update_logging_handlers|base_device.py#163|tango-device:test/nodb/centralnode|Logging targets set to []
1|2020-05-19T08:29:17.815Z|INFO|Thread-1|init_device|base_device.py#364|tango-device:test/nodb/centralnode|No Groups loaded for device: test/nodb/centralnode
1|2020-05-19T08:29:17.815Z|INFO|Thread-1|init_device|base_device.py#366|tango-device:test/nodb/centralnode|Completed SKABaseDevice.init_device
1|2020-05-19T08:29:17.815Z|INFO|Thread-1|init_device|central_node.py#239|tango-device:test/nodb/centralnode|Device initialisating...
Ready to accept request
1|2020-05-19T08:29:17.819Z|CRITICAL|MainThread|healthStateCallback|central_node.py#135|tango-device:test/nodb/centralnode|Error while aggregating Subarray healthState 
: &apos;in &lt;string&gt;&apos; requires string as left operand, not NoneType
</system-out><system-err>Can&apos;t create notifd event supplier. Notifd event not available
</system-err></testcase><testcase classname="test.unit.central_node_test" file="test/unit/central_node_test.py" line="103" name="test_telescope_health_state_is_ok_when_subarray_leaf_node_is_ok_after_start" time="0.087"><system-out>1|2020-05-19T08:29:17.988Z|INFO|Thread-1|write_loggingLevel|base_device.py#455|tango-device:test/nodb/centralnode|Logging level set to LoggingLevel.INFO on Python and Tango loggers
1|2020-05-19T08:29:17.989Z|INFO|Thread-1|update_logging_handlers|base_device.py#163|tango-device:test/nodb/centralnode|Logging targets set to []
1|2020-05-19T08:29:17.989Z|INFO|Thread-1|init_device|base_device.py#364|tango-device:test/nodb/centralnode|No Groups loaded for device: test/nodb/centralnode
1|2020-05-19T08:29:17.989Z|INFO|Thread-1|init_device|base_device.py#366|tango-device:test/nodb/centralnode|Completed SKABaseDevice.init_device
1|2020-05-19T08:29:17.989Z|INFO|Thread-1|init_device|central_node.py#239|tango-device:test/nodb/centralnode|Device initialisating...
Ready to accept request
1|2020-05-19T08:29:17.994Z|INFO|MainThread|healthStateCallback|central_node.py#72|tango-device:test/nodb/centralnode|healthState of &lt;Mock name=&apos;mock.device&apos; id=&apos;140090441400048&apos;&gt; :-&gt; OK
1|2020-05-19T08:29:17.994Z|CRITICAL|MainThread|healthStateCallback|central_node.py#126|tango-device:test/nodb/centralnode|Key Error occurred while setting Subarray healthState: -1
</system-out><system-err>Can&apos;t create notifd event supplier. Notifd event not available
</system-err></testcase><testcase classname="test.unit.central_node_test" file="test/unit/central_node_test.py" line="138" name="test_stow_antennas_should_set_stow_mode_on_leaf_nodes" time="0.097"><system-out>1|2020-05-19T08:29:18.092Z|INFO|Thread-1|write_loggingLevel|base_device.py#455|tango-device:test/nodb/centralnode|Logging level set to LoggingLevel.INFO on Python and Tango loggers
1|2020-05-19T08:29:18.093Z|INFO|Thread-1|update_logging_handlers|base_device.py#163|tango-device:test/nodb/centralnode|Logging targets set to []
1|2020-05-19T08:29:18.093Z|INFO|Thread-1|init_device|base_device.py#364|tango-device:test/nodb/centralnode|No Groups loaded for device: test/nodb/centralnode
1|2020-05-19T08:29:18.094Z|INFO|Thread-1|init_device|base_device.py#366|tango-device:test/nodb/centralnode|Completed SKABaseDevice.init_device
1|2020-05-19T08:29:18.094Z|INFO|Thread-1|init_device|central_node.py#239|tango-device:test/nodb/centralnode|Device initialisating...
Ready to accept request
1|2020-05-19T08:29:18.101Z|INFO|MainThread|StowAntennas|central_node.py#407|tango-device:test/nodb/centralnode|STOW command invoked from Central node on the requested dishes
</system-out><system-err>Can&apos;t create notifd event supplier. Notifd event not available
</system-err></testcase><testcase classname="test.unit.central_node_test" file="test/unit/central_node_test.py" line="158" name="test_activity_message_attribute_captures_the_last_received_command" time="0.095"><system-out>1|2020-05-19T08:29:18.204Z|INFO|Thread-1|write_loggingLevel|base_device.py#455|tango-device:test/nodb/centralnode|Logging level set to LoggingLevel.INFO on Python and Tango loggers
1|2020-05-19T08:29:18.205Z|INFO|Thread-1|update_logging_handlers|base_device.py#163|tango-device:test/nodb/centralnode|Logging targets set to []
1|2020-05-19T08:29:18.205Z|INFO|Thread-1|init_device|base_device.py#364|tango-device:test/nodb/centralnode|No Groups loaded for device: test/nodb/centralnode
1|2020-05-19T08:29:18.205Z|INFO|Thread-1|init_device|base_device.py#366|tango-device:test/nodb/centralnode|Completed SKABaseDevice.init_device
1|2020-05-19T08:29:18.205Z|INFO|Thread-1|init_device|central_node.py#239|tango-device:test/nodb/centralnode|Device initialisating...
Ready to accept request
1|2020-05-19T08:29:18.210Z|INFO|MainThread|StartUpTelescope|central_node.py#485|tango-device:test/nodb/centralnode|StartUpTelescope command invoked from Central node
1|2020-05-19T08:29:18.216Z|INFO|MainThread|StandByTelescope|central_node.py#444|tango-device:test/nodb/centralnode|StandByTelescope command invoked from Central node
</system-out><system-err>Can&apos;t create notifd event supplier. Notifd event not available
</system-err></testcase><testcase classname="test.unit.central_node_test" file="test/unit/central_node_test.py" line="169" name="test_telescope_health_state" time="0.086"><system-out>1|2020-05-19T08:29:18.305Z|INFO|Thread-1|write_loggingLevel|base_device.py#455|tango-device:test/nodb/centralnode|Logging level set to LoggingLevel.INFO on Python and Tango loggers
1|2020-05-19T08:29:18.305Z|INFO|Thread-1|update_logging_handlers|base_device.py#163|tango-device:test/nodb/centralnode|Logging targets set to []
1|2020-05-19T08:29:18.306Z|INFO|Thread-1|init_device|base_device.py#364|tango-device:test/nodb/centralnode|No Groups loaded for device: test/nodb/centralnode
1|2020-05-19T08:29:18.306Z|INFO|Thread-1|init_device|base_device.py#366|tango-device:test/nodb/centralnode|Completed SKABaseDevice.init_device
1|2020-05-19T08:29:18.306Z|INFO|Thread-1|init_device|central_node.py#239|tango-device:test/nodb/centralnode|Device initialisating...
Ready to accept request
</system-out><system-err>Can&apos;t create notifd event supplier. Notifd event not available
</system-err></testcase><testcase classname="test.unit.central_node_test" file="test/unit/central_node_test.py" line="175" name="test_subarray1_health_state" time="0.086"><system-out>1|2020-05-19T08:29:18.403Z|INFO|Thread-1|write_loggingLevel|base_device.py#455|tango-device:test/nodb/centralnode|Logging level set to LoggingLevel.INFO on Python and Tango loggers
1|2020-05-19T08:29:18.404Z|INFO|Thread-1|update_logging_handlers|base_device.py#163|tango-device:test/nodb/centralnode|Logging targets set to []
1|2020-05-19T08:29:18.404Z|INFO|Thread-1|init_device|base_device.py#364|tango-device:test/nodb/centralnode|No Groups loaded for device: test/nodb/centralnode
1|2020-05-19T08:29:18.404Z|INFO|Thread-1|init_device|base_device.py#366|tango-device:test/nodb/centralnode|Completed SKABaseDevice.init_device
1|2020-05-19T08:29:18.404Z|INFO|Thread-1|init_device|central_node.py#239|tango-device:test/nodb/centralnode|Device initialisating...
Ready to accept request
</system-out><system-err>Can&apos;t create notifd event supplier. Notifd event not available
</system-err></testcase><testcase classname="test.unit.central_node_test" file="test/unit/central_node_test.py" line="181" name="test_subarray2_health_state" time="0.086"><system-out>1|2020-05-19T08:29:18.501Z|INFO|Thread-1|write_loggingLevel|base_device.py#455|tango-device:test/nodb/centralnode|Logging level set to LoggingLevel.INFO on Python and Tango loggers
1|2020-05-19T08:29:18.501Z|INFO|Thread-1|update_logging_handlers|base_device.py#163|tango-device:test/nodb/centralnode|Logging targets set to []
1|2020-05-19T08:29:18.501Z|INFO|Thread-1|init_device|base_device.py#364|tango-device:test/nodb/centralnode|No Groups loaded for device: test/nodb/centralnode
1|2020-05-19T08:29:18.501Z|INFO|Thread-1|init_device|base_device.py#366|tango-device:test/nodb/centralnode|Completed SKABaseDevice.init_device
1|2020-05-19T08:29:18.502Z|INFO|Thread-1|init_device|central_node.py#239|tango-device:test/nodb/centralnode|Device initialisating...
Ready to accept request
</system-out><system-err>Can&apos;t create notifd event supplier. Notifd event not available
</system-err></testcase><testcase classname="test.unit.central_node_test" file="test/unit/central_node_test.py" line="187" name="test_subarray3_health_state" time="0.089"><system-out>1|2020-05-19T08:29:18.597Z|INFO|Thread-1|write_loggingLevel|base_device.py#455|tango-device:test/nodb/centralnode|Logging level set to LoggingLevel.INFO on Python and Tango loggers
1|2020-05-19T08:29:18.598Z|INFO|Thread-1|update_logging_handlers|base_device.py#163|tango-device:test/nodb/centralnode|Logging targets set to []
1|2020-05-19T08:29:18.598Z|INFO|Thread-1|init_device|base_device.py#364|tango-device:test/nodb/centralnode|No Groups loaded for device: test/nodb/centralnode
1|2020-05-19T08:29:18.599Z|INFO|Thread-1|init_device|base_device.py#366|tango-device:test/nodb/centralnode|Completed SKABaseDevice.init_device
1|2020-05-19T08:29:18.599Z|INFO|Thread-1|init_device|central_node.py#239|tango-device:test/nodb/centralnode|Device initialisating...
Ready to accept request
</system-out><system-err>Can&apos;t create notifd event supplier. Notifd event not available
</system-err></testcase><testcase classname="test.unit.central_node_test" file="test/unit/central_node_test.py" line="193" name="test_activity_message" time="0.085"><system-out>1|2020-05-19T08:29:18.700Z|INFO|Thread-1|write_loggingLevel|base_device.py#455|tango-device:test/nodb/centralnode|Logging level set to LoggingLevel.INFO on Python and Tango loggers
1|2020-05-19T08:29:18.700Z|INFO|Thread-1|update_logging_handlers|base_device.py#163|tango-device:test/nodb/centralnode|Logging targets set to []
1|2020-05-19T08:29:18.701Z|INFO|Thread-1|init_device|base_device.py#364|tango-device:test/nodb/centralnode|No Groups loaded for device: test/nodb/centralnode
1|2020-05-19T08:29:18.701Z|INFO|Thread-1|init_device|base_device.py#366|tango-device:test/nodb/centralnode|Completed SKABaseDevice.init_device
1|2020-05-19T08:29:18.701Z|INFO|Thread-1|init_device|central_node.py#239|tango-device:test/nodb/centralnode|Device initialisating...
Ready to accept request
</system-out><system-err>Can&apos;t create notifd event supplier. Notifd event not available
</system-err></testcase><testcase classname="test.unit.central_node_test" file="test/unit/central_node_test.py" line="200" name="test_state" time="0.083"><system-out>1|2020-05-19T08:29:18.798Z|INFO|Thread-1|write_loggingLevel|base_device.py#455|tango-device:test/nodb/centralnode|Logging level set to LoggingLevel.INFO on Python and Tango loggers
1|2020-05-19T08:29:18.799Z|INFO|Thread-1|update_logging_handlers|base_device.py#163|tango-device:test/nodb/centralnode|Logging targets set to []
1|2020-05-19T08:29:18.799Z|INFO|Thread-1|init_device|base_device.py#364|tango-device:test/nodb/centralnode|No Groups loaded for device: test/nodb/centralnode
1|2020-05-19T08:29:18.799Z|INFO|Thread-1|init_device|base_device.py#366|tango-device:test/nodb/centralnode|Completed SKABaseDevice.init_device
1|2020-05-19T08:29:18.800Z|INFO|Thread-1|init_device|central_node.py#239|tango-device:test/nodb/centralnode|Device initialisating...
Ready to accept request
</system-out><system-err>Can&apos;t create notifd event supplier. Notifd event not available
</system-err></testcase><testcase classname="test.unit.central_node_test" file="test/unit/central_node_test.py" line="206" name="test_status" time="0.082"><system-out>1|2020-05-19T08:29:18.892Z|INFO|Thread-1|write_loggingLevel|base_device.py#455|tango-device:test/nodb/centralnode|Logging level set to LoggingLevel.INFO on Python and Tango loggers
1|2020-05-19T08:29:18.893Z|INFO|Thread-1|update_logging_handlers|base_device.py#163|tango-device:test/nodb/centralnode|Logging targets set to []
1|2020-05-19T08:29:18.893Z|INFO|Thread-1|init_device|base_device.py#364|tango-device:test/nodb/centralnode|No Groups loaded for device: test/nodb/centralnode
1|2020-05-19T08:29:18.893Z|INFO|Thread-1|init_device|base_device.py#366|tango-device:test/nodb/centralnode|Completed SKABaseDevice.init_device
1|2020-05-19T08:29:18.893Z|INFO|Thread-1|init_device|central_node.py#239|tango-device:test/nodb/centralnode|Device initialisating...
Ready to accept request
</system-out><system-err>Can&apos;t create notifd event supplier. Notifd event not available
</system-err></testcase><testcase classname="test.unit.central_node_test" file="test/unit/central_node_test.py" line="212" name="test_logging_level" time="0.085"><system-out>1|2020-05-19T08:29:18.984Z|INFO|Thread-1|write_loggingLevel|base_device.py#455|tango-device:test/nodb/centralnode|Logging level set to LoggingLevel.INFO on Python and Tango loggers
1|2020-05-19T08:29:18.985Z|INFO|Thread-1|update_logging_handlers|base_device.py#163|tango-device:test/nodb/centralnode|Logging targets set to []
1|2020-05-19T08:29:18.985Z|INFO|Thread-1|init_device|base_device.py#364|tango-device:test/nodb/centralnode|No Groups loaded for device: test/nodb/centralnode
1|2020-05-19T08:29:18.985Z|INFO|Thread-1|init_device|base_device.py#366|tango-device:test/nodb/centralnode|Completed SKABaseDevice.init_device
1|2020-05-19T08:29:18.985Z|INFO|Thread-1|init_device|central_node.py#239|tango-device:test/nodb/centralnode|Device initialisating...
Ready to accept request
1|2020-05-19T08:29:18.993Z|INFO|MainThread|write_loggingLevel|base_device.py#455|tango-device:test/nodb/centralnode|Logging level set to LoggingLevel.INFO on Python and Tango loggers
</system-out><system-err>Can&apos;t create notifd event supplier. Notifd event not available
</system-err></testcase><testcase classname="test.unit.central_node_test" file="test/unit/central_node_test.py" line="219" name="test_logging_targets" time="0.085"><system-out>1|2020-05-19T08:29:19.082Z|INFO|Thread-1|write_loggingLevel|base_device.py#455|tango-device:test/nodb/centralnode|Logging level set to LoggingLevel.INFO on Python and Tango loggers
1|2020-05-19T08:29:19.083Z|INFO|Thread-1|update_logging_handlers|base_device.py#163|tango-device:test/nodb/centralnode|Logging targets set to []
1|2020-05-19T08:29:19.083Z|INFO|Thread-1|init_device|base_device.py#364|tango-device:test/nodb/centralnode|No Groups loaded for device: test/nodb/centralnode
1|2020-05-19T08:29:19.083Z|INFO|Thread-1|init_device|base_device.py#366|tango-device:test/nodb/centralnode|Completed SKABaseDevice.init_device
1|2020-05-19T08:29:19.083Z|INFO|Thread-1|init_device|central_node.py#239|tango-device:test/nodb/centralnode|Device initialisating...
Ready to accept request
1|2020-05-19T08:29:19.092Z|INFO|MainThread|update_logging_handlers|base_device.py#163|tango-device:test/nodb/centralnode|Logging targets set to [&apos;console::cout&apos;]
1|2020-05-19T08:29:19.092Z|INFO|MainThread|update_logging_handlers|base_device.py#163|tango-device:test/nodb/centralnode|Logging targets set to [&apos;console::cout&apos;]
</system-out><system-err>Can&apos;t create notifd event supplier. Notifd event not available
</system-err></testcase><testcase classname="test.unit.central_node_test" file="test/unit/central_node_test.py" line="226" name="test_test_mode" time="0.084"><system-out>1|2020-05-19T08:29:19.178Z|INFO|Thread-1|write_loggingLevel|base_device.py#455|tango-device:test/nodb/centralnode|Logging level set to LoggingLevel.INFO on Python and Tango loggers
1|2020-05-19T08:29:19.179Z|INFO|Thread-1|update_logging_handlers|base_device.py#163|tango-device:test/nodb/centralnode|Logging targets set to []
1|2020-05-19T08:29:19.179Z|INFO|Thread-1|init_device|base_device.py#364|tango-device:test/nodb/centralnode|No Groups loaded for device: test/nodb/centralnode
1|2020-05-19T08:29:19.179Z|INFO|Thread-1|init_device|base_device.py#366|tango-device:test/nodb/centralnode|Completed SKABaseDevice.init_device
1|2020-05-19T08:29:19.179Z|INFO|Thread-1|init_device|central_node.py#239|tango-device:test/nodb/centralnode|Device initialisating...
Ready to accept request
</system-out><system-err>Can&apos;t create notifd event supplier. Notifd event not available
</system-err></testcase><testcase classname="test.unit.central_node_test" file="test/unit/central_node_test.py" line="234" name="test_simulation_mode" time="0.085"><system-out>1|2020-05-19T08:29:19.274Z|INFO|Thread-1|write_loggingLevel|base_device.py#455|tango-device:test/nodb/centralnode|Logging level set to LoggingLevel.INFO on Python and Tango loggers
1|2020-05-19T08:29:19.274Z|INFO|Thread-1|update_logging_handlers|base_device.py#163|tango-device:test/nodb/centralnode|Logging targets set to []
1|2020-05-19T08:29:19.275Z|INFO|Thread-1|init_device|base_device.py#364|tango-device:test/nodb/centralnode|No Groups loaded for device: test/nodb/centralnode
1|2020-05-19T08:29:19.275Z|INFO|Thread-1|init_device|base_device.py#366|tango-device:test/nodb/centralnode|Completed SKABaseDevice.init_device
1|2020-05-19T08:29:19.275Z|INFO|Thread-1|init_device|central_node.py#239|tango-device:test/nodb/centralnode|Device initialisating...
Ready to accept request
</system-out><system-err>Can&apos;t create notifd event supplier. Notifd event not available
</system-err></testcase><testcase classname="test.unit.central_node_test" file="test/unit/central_node_test.py" line="242" name="test_control_mode" time="0.084"><system-out>1|2020-05-19T08:29:19.371Z|INFO|Thread-1|write_loggingLevel|base_device.py#455|tango-device:test/nodb/centralnode|Logging level set to LoggingLevel.INFO on Python and Tango loggers
1|2020-05-19T08:29:19.371Z|INFO|Thread-1|update_logging_handlers|base_device.py#163|tango-device:test/nodb/centralnode|Logging targets set to []
1|2020-05-19T08:29:19.372Z|INFO|Thread-1|init_device|base_device.py#364|tango-device:test/nodb/centralnode|No Groups loaded for device: test/nodb/centralnode
1|2020-05-19T08:29:19.372Z|INFO|Thread-1|init_device|base_device.py#366|tango-device:test/nodb/centralnode|Completed SKABaseDevice.init_device
1|2020-05-19T08:29:19.372Z|INFO|Thread-1|init_device|central_node.py#239|tango-device:test/nodb/centralnode|Device initialisating...
Ready to accept request
</system-out><system-err>Can&apos;t create notifd event supplier. Notifd event not available
</system-err></testcase><testcase classname="test.unit.central_node_test" file="test/unit/central_node_test.py" line="250" name="test_admin_mode" time="0.084"><system-out>1|2020-05-19T08:29:19.468Z|INFO|Thread-1|write_loggingLevel|base_device.py#455|tango-device:test/nodb/centralnode|Logging level set to LoggingLevel.INFO on Python and Tango loggers
1|2020-05-19T08:29:19.468Z|INFO|Thread-1|update_logging_handlers|base_device.py#163|tango-device:test/nodb/centralnode|Logging targets set to []
1|2020-05-19T08:29:19.468Z|INFO|Thread-1|init_device|base_device.py#364|tango-device:test/nodb/centralnode|No Groups loaded for device: test/nodb/centralnode
1|2020-05-19T08:29:19.468Z|INFO|Thread-1|init_device|base_device.py#366|tango-device:test/nodb/centralnode|Completed SKABaseDevice.init_device
1|2020-05-19T08:29:19.469Z|INFO|Thread-1|init_device|central_node.py#239|tango-device:test/nodb/centralnode|Device initialisating...
Ready to accept request
</system-out><system-err>Can&apos;t create notifd event supplier. Notifd event not available
</system-err></testcase><testcase classname="test.unit.central_node_test" file="test/unit/central_node_test.py" line="256" name="test_health_state" time="0.088"><system-out>1|2020-05-19T08:29:19.566Z|INFO|Thread-1|write_loggingLevel|base_device.py#455|tango-device:test/nodb/centralnode|Logging level set to LoggingLevel.INFO on Python and Tango loggers
1|2020-05-19T08:29:19.567Z|INFO|Thread-1|update_logging_handlers|base_device.py#163|tango-device:test/nodb/centralnode|Logging targets set to []
1|2020-05-19T08:29:19.567Z|INFO|Thread-1|init_device|base_device.py#364|tango-device:test/nodb/centralnode|No Groups loaded for device: test/nodb/centralnode
1|2020-05-19T08:29:19.567Z|INFO|Thread-1|init_device|base_device.py#366|tango-device:test/nodb/centralnode|Completed SKABaseDevice.init_device
1|2020-05-19T08:29:19.567Z|INFO|Thread-1|init_device|central_node.py#239|tango-device:test/nodb/centralnode|Device initialisating...
Ready to accept request
</system-out><system-err>Can&apos;t create notifd event supplier. Notifd event not available
</system-err></testcase><testcase classname="test.unit.central_node_test" file="test/unit/central_node_test.py" line="275" name="test_assign_resources_invalid_json" time="0.085"><system-out>1|2020-05-19T08:29:19.665Z|INFO|Thread-1|write_loggingLevel|base_device.py#455|tango-device:test/nodb/centralnode|Logging level set to LoggingLevel.INFO on Python and Tango loggers
1|2020-05-19T08:29:19.666Z|INFO|Thread-1|update_logging_handlers|base_device.py#163|tango-device:test/nodb/centralnode|Logging targets set to []
1|2020-05-19T08:29:19.666Z|INFO|Thread-1|init_device|base_device.py#364|tango-device:test/nodb/centralnode|No Groups loaded for device: test/nodb/centralnode
1|2020-05-19T08:29:19.666Z|INFO|Thread-1|init_device|base_device.py#366|tango-device:test/nodb/centralnode|Completed SKABaseDevice.init_device
1|2020-05-19T08:29:19.666Z|INFO|Thread-1|init_device|central_node.py#239|tango-device:test/nodb/centralnode|Device initialisating...
Ready to accept request
1|2020-05-19T08:29:19.671Z|ERROR|MainThread|AssignResources|central_node.py#690|tango-device:test/nodb/centralnode|JSON key not found 
1|2020-05-19T08:29:19.672Z|INFO|MainThread|AssignResources|central_node.py#703|tango-device:test/nodb/centralnode|[]
</system-out><system-err>Can&apos;t create notifd event supplier. Notifd event not available
</system-err></testcase><testcase classname="test.unit.central_node_test" file="test/unit/central_node_test.py" line="288" name="test_assign_resources_invalid_key" time="0.082"><system-out>1|2020-05-19T08:29:19.761Z|INFO|Thread-1|write_loggingLevel|base_device.py#455|tango-device:test/nodb/centralnode|Logging level set to LoggingLevel.INFO on Python and Tango loggers
1|2020-05-19T08:29:19.762Z|INFO|Thread-1|update_logging_handlers|base_device.py#163|tango-device:test/nodb/centralnode|Logging targets set to []
1|2020-05-19T08:29:19.762Z|INFO|Thread-1|init_device|base_device.py#364|tango-device:test/nodb/centralnode|No Groups loaded for device: test/nodb/centralnode
1|2020-05-19T08:29:19.762Z|INFO|Thread-1|init_device|base_device.py#366|tango-device:test/nodb/centralnode|Completed SKABaseDevice.init_device
1|2020-05-19T08:29:19.762Z|INFO|Thread-1|init_device|central_node.py#239|tango-device:test/nodb/centralnode|Device initialisating...
Ready to accept request
1|2020-05-19T08:29:19.767Z|ERROR|MainThread|AssignResources|central_node.py#690|tango-device:test/nodb/centralnode|JSON key not found 
1|2020-05-19T08:29:19.768Z|INFO|MainThread|AssignResources|central_node.py#703|tango-device:test/nodb/centralnode|[]
</system-out><system-err>Can&apos;t create notifd event supplier. Notifd event not available
</system-err></testcase><testcase classname="test.unit.central_node_test" file="test/unit/central_node_test.py" line="301" name="test_release_resources_invalid_json" time="0.090"><system-out>1|2020-05-19T08:29:19.858Z|INFO|Thread-1|write_loggingLevel|base_device.py#455|tango-device:test/nodb/centralnode|Logging level set to LoggingLevel.INFO on Python and Tango loggers
1|2020-05-19T08:29:19.859Z|INFO|Thread-1|update_logging_handlers|base_device.py#163|tango-device:test/nodb/centralnode|Logging targets set to []
1|2020-05-19T08:29:19.859Z|INFO|Thread-1|init_device|base_device.py#364|tango-device:test/nodb/centralnode|No Groups loaded for device: test/nodb/centralnode
1|2020-05-19T08:29:19.859Z|INFO|Thread-1|init_device|base_device.py#366|tango-device:test/nodb/centralnode|Completed SKABaseDevice.init_device
1|2020-05-19T08:29:19.859Z|INFO|Thread-1|init_device|central_node.py#239|tango-device:test/nodb/centralnode|Device initialisating...
Ready to accept request
1|2020-05-19T08:29:19.865Z|ERROR|MainThread|ReleaseResources|central_node.py#790|tango-device:test/nodb/centralnode|Invalid JSON format
</system-out><system-err>Can&apos;t create notifd event supplier. Notifd event not available
</system-err></testcase><testcase classname="test.unit.central_node_test" file="test/unit/central_node_test.py" line="313" name="test_release_resources_invalid_key" time="0.087"><system-out>1|2020-05-19T08:29:19.958Z|INFO|Thread-1|write_loggingLevel|base_device.py#455|tango-device:test/nodb/centralnode|Logging level set to LoggingLevel.INFO on Python and Tango loggers
1|2020-05-19T08:29:19.958Z|INFO|Thread-1|update_logging_handlers|base_device.py#163|tango-device:test/nodb/centralnode|Logging targets set to []
1|2020-05-19T08:29:19.959Z|INFO|Thread-1|init_device|base_device.py#364|tango-device:test/nodb/centralnode|No Groups loaded for device: test/nodb/centralnode
1|2020-05-19T08:29:19.959Z|INFO|Thread-1|init_device|base_device.py#366|tango-device:test/nodb/centralnode|Completed SKABaseDevice.init_device
1|2020-05-19T08:29:19.959Z|INFO|Thread-1|init_device|central_node.py#239|tango-device:test/nodb/centralnode|Device initialisating...
Ready to accept request
1|2020-05-19T08:29:19.964Z|ERROR|MainThread|ReleaseResources|central_node.py#795|tango-device:test/nodb/centralnode|JSON key not found 
</system-out><system-err>Can&apos;t create notifd event supplier. Notifd event not available
</system-err></testcase><testcase classname="test.unit.central_node_test" file="test/unit/central_node_test.py" line="324" name="test_stow_antennas_invalid_value" time="0.110"><system-out>1|2020-05-19T08:29:20.074Z|INFO|Thread-1|write_loggingLevel|base_device.py#455|tango-device:test/nodb/centralnode|Logging level set to LoggingLevel.INFO on Python and Tango loggers
1|2020-05-19T08:29:20.075Z|INFO|Thread-1|update_logging_handlers|base_device.py#163|tango-device:test/nodb/centralnode|Logging targets set to []
1|2020-05-19T08:29:20.076Z|INFO|Thread-1|init_device|base_device.py#364|tango-device:test/nodb/centralnode|No Groups loaded for device: test/nodb/centralnode
1|2020-05-19T08:29:20.076Z|INFO|Thread-1|init_device|base_device.py#366|tango-device:test/nodb/centralnode|Completed SKABaseDevice.init_device
1|2020-05-19T08:29:20.076Z|INFO|Thread-1|init_device|central_node.py#239|tango-device:test/nodb/centralnode|Device initialisating...
Ready to accept request
1|2020-05-19T08:29:20.083Z|ERROR|MainThread|StowAntennas|central_node.py#423|tango-device:test/nodb/centralnode|Invalid StowAntennas arguments 

</system-out><system-err>Can&apos;t create notifd event supplier. Notifd event not available
</system-err></testcase><testcase classname="test.unit.central_node_test" file="test/unit/central_node_test.py" line="337" name="test_stow_antennas_invalid_argument" time="0.134"><system-out>1|2020-05-19T08:29:20.205Z|INFO|Thread-1|write_loggingLevel|base_device.py#455|tango-device:test/nodb/centralnode|Logging level set to LoggingLevel.INFO on Python and Tango loggers
1|2020-05-19T08:29:20.205Z|INFO|Thread-1|update_logging_handlers|base_device.py#163|tango-device:test/nodb/centralnode|Logging targets set to []
1|2020-05-19T08:29:20.206Z|INFO|Thread-1|init_device|base_device.py#364|tango-device:test/nodb/centralnode|No Groups loaded for device: test/nodb/centralnode
1|2020-05-19T08:29:20.206Z|INFO|Thread-1|init_device|base_device.py#366|tango-device:test/nodb/centralnode|Completed SKABaseDevice.init_device
1|2020-05-19T08:29:20.206Z|INFO|Thread-1|init_device|central_node.py#239|tango-device:test/nodb/centralnode|Device initialisating...
Ready to accept request
1|2020-05-19T08:29:20.215Z|ERROR|MainThread|StowAntennas|central_node.py#423|tango-device:test/nodb/centralnode|Invalid StowAntennas arguments 

</system-out><system-err>Can&apos;t create notifd event supplier. Notifd event not available
</system-err></testcase><testcase classname="test.unit.central_node_test" file="test/unit/central_node_test.py" line="350" name="test_assign_resources" time="0.097"><system-out>1|2020-05-19T08:29:20.340Z|INFO|Thread-1|write_loggingLevel|base_device.py#455|tango-device:test/nodb/centralnode|Logging level set to LoggingLevel.INFO on Python and Tango loggers
1|2020-05-19T08:29:20.341Z|INFO|Thread-1|update_logging_handlers|base_device.py#163|tango-device:test/nodb/centralnode|Logging targets set to []
1|2020-05-19T08:29:20.341Z|INFO|Thread-1|init_device|base_device.py#364|tango-device:test/nodb/centralnode|No Groups loaded for device: test/nodb/centralnode
1|2020-05-19T08:29:20.342Z|INFO|Thread-1|init_device|base_device.py#366|tango-device:test/nodb/centralnode|Completed SKABaseDevice.init_device
1|2020-05-19T08:29:20.342Z|INFO|Thread-1|init_device|central_node.py#239|tango-device:test/nodb/centralnode|Device initialisating...
Ready to accept request
1|2020-05-19T08:29:20.350Z|INFO|MainThread|AssignResources|central_node.py#669|tango-device:test/nodb/centralnode|Resources are assigned successfully
1|2020-05-19T08:29:20.350Z|INFO|MainThread|AssignResources|central_node.py#670|tango-device:test/nodb/centralnode|[]
1|2020-05-19T08:29:20.350Z|INFO|MainThread|AssignResources|central_node.py#703|tango-device:test/nodb/centralnode|{&apos;dish&apos;: {&apos;receptorIDList_success&apos;: []}}
</system-out><system-err>Can&apos;t create notifd event supplier. Notifd event not available
</system-err></testcase><testcase classname="test.unit.central_node_test" file="test/unit/central_node_test.py" line="397" name="test_release_resources" time="0.177"><skipped message="" type="pytest.xfail"></skipped><system-out>1|2020-05-19T08:29:20.525Z|INFO|Thread-1|write_loggingLevel|base_device.py#455|tango-device:test/nodb/centralnode|Logging level set to LoggingLevel.INFO on Python and Tango loggers
1|2020-05-19T08:29:20.526Z|INFO|Thread-1|update_logging_handlers|base_device.py#163|tango-device:test/nodb/centralnode|Logging targets set to []
1|2020-05-19T08:29:20.526Z|INFO|Thread-1|init_device|base_device.py#364|tango-device:test/nodb/centralnode|No Groups loaded for device: test/nodb/centralnode
1|2020-05-19T08:29:20.526Z|INFO|Thread-1|init_device|base_device.py#366|tango-device:test/nodb/centralnode|Completed SKABaseDevice.init_device
1|2020-05-19T08:29:20.526Z|INFO|Thread-1|init_device|central_node.py#239|tango-device:test/nodb/centralnode|Device initialisating...
Ready to accept request
1|2020-05-19T08:29:20.543Z|INFO|MainThread|ReleaseResources|central_node.py#777|tango-device:test/nodb/centralnode|Resources have been released successfully
</system-out><system-err>Can&apos;t create notifd event supplier. Notifd event not available
</system-err></testcase><testcase classname="test.unit.central_node_test" file="test/unit/central_node_test.py" line="427" name="test_standby" time="0.094"><system-out>1|2020-05-19T08:29:20.745Z|INFO|Thread-1|write_loggingLevel|base_device.py#455|tango-device:test/nodb/centralnode|Logging level set to LoggingLevel.INFO on Python and Tango loggers
1|2020-05-19T08:29:20.746Z|INFO|Thread-1|update_logging_handlers|base_device.py#163|tango-device:test/nodb/centralnode|Logging targets set to []
1|2020-05-19T08:29:20.746Z|INFO|Thread-1|init_device|base_device.py#364|tango-device:test/nodb/centralnode|No Groups loaded for device: test/nodb/centralnode
1|2020-05-19T08:29:20.746Z|INFO|Thread-1|init_device|base_device.py#366|tango-device:test/nodb/centralnode|Completed SKABaseDevice.init_device
1|2020-05-19T08:29:20.746Z|INFO|Thread-1|init_device|central_node.py#239|tango-device:test/nodb/centralnode|Device initialisating...
Ready to accept request
1|2020-05-19T08:29:20.753Z|INFO|MainThread|StandByTelescope|central_node.py#444|tango-device:test/nodb/centralnode|StandByTelescope command invoked from Central node
</system-out><system-err>Can&apos;t create notifd event supplier. Notifd event not available
</system-err></testcase><testcase classname="test.unit.central_node_test" file="test/unit/central_node_test.py" line="470" name="test_startup" time="0.092"><system-out>1|2020-05-19T08:29:20.851Z|INFO|Thread-1|write_loggingLevel|base_device.py#455|tango-device:test/nodb/centralnode|Logging level set to LoggingLevel.INFO on Python and Tango loggers
1|2020-05-19T08:29:20.851Z|INFO|Thread-1|update_logging_handlers|base_device.py#163|tango-device:test/nodb/centralnode|Logging targets set to []
1|2020-05-19T08:29:20.852Z|INFO|Thread-1|init_device|base_device.py#364|tango-device:test/nodb/centralnode|No Groups loaded for device: test/nodb/centralnode
1|2020-05-19T08:29:20.852Z|INFO|Thread-1|init_device|base_device.py#366|tango-device:test/nodb/centralnode|Completed SKABaseDevice.init_device
1|2020-05-19T08:29:20.852Z|INFO|Thread-1|init_device|central_node.py#239|tango-device:test/nodb/centralnode|Device initialisating...
Ready to accept request
1|2020-05-19T08:29:20.858Z|INFO|MainThread|StartUpTelescope|central_node.py#485|tango-device:test/nodb/centralnode|StartUpTelescope command invoked from Central node
</system-out><system-err>Can&apos;t create notifd event supplier. Notifd event not available
</system-err></testcase></testsuite></testsuites>