<?xml version="1.0" encoding="utf-8"?><testsuites><testsuite errors="0" failures="0" hostname="fd39a9b928cb" name="pytest" skipped="1" tests="21" time="9.921" timestamp="2020-05-19T08:29:26.993614"><testcase classname="test.unit.csp_subarray_leaf_node_test" file="test/unit/csp_subarray_leaf_node_test.py" line="15" name="test_start_scan_should_command_csp_subarray_to_start_its_scan_when_it_is_ready" time="0.087"><system-out>1|2020-05-19T08:29:27.206Z|INFO|Thread-1|write_loggingLevel|base_device.py#455|tango-device:test/nodb/cspsubarrayleafnode|Logging level set to LoggingLevel.INFO on Python and Tango loggers
1|2020-05-19T08:29:27.206Z|INFO|Thread-1|update_logging_handlers|base_device.py#163|tango-device:test/nodb/cspsubarrayleafnode|Logging targets set to []
1|2020-05-19T08:29:27.206Z|INFO|Thread-1|init_device|base_device.py#364|tango-device:test/nodb/cspsubarrayleafnode|No Groups loaded for device: test/nodb/cspsubarrayleafnode
1|2020-05-19T08:29:27.207Z|INFO|Thread-1|init_device|base_device.py#366|tango-device:test/nodb/cspsubarrayleafnode|Completed SKABaseDevice.init_device
1|2020-05-19T08:29:27.207Z|INFO|Thread-2|delay_model_calculator|csp_subarray_leaf_node.py#268|tango-device:test/nodb/cspsubarrayleafnode|Calculating delays.
1|2020-05-19T08:29:27.207Z|INFO|Thread-1|init_device|csp_subarray_leaf_node.py#378|tango-device:test/nodb/cspsubarrayleafnode|CspSubarrayLeafNode initialized successfully.
Ready to accept request
1|2020-05-19T08:29:27.213Z|INFO|MainThread|StartScan|csp_subarray_leaf_node.py#550|tango-device:test/nodb/cspsubarrayleafnode|Scan command is executed successfully.
</system-out><system-err>Can&apos;t create notifd event supplier. Notifd event not available
Exception in thread Thread-2:
Traceback (most recent call last):
  File &quot;/usr/lib/python3.7/threading.py&quot;, line 917, in _bootstrap_inner
    self.run()
  File &quot;/usr/lib/python3.7/threading.py&quot;, line 865, in run
    self._target(*self._args, **self._kwargs)
  File &quot;/venv/lib/python3.7/site-packages/cspsubarrayleafnode/csp_subarray_leaf_node.py&quot;, line 272, in delay_model_calculator
    delay_corrections_h_array_dict = self.calculate_geometric_delays(time_t0)
  File &quot;/venv/lib/python3.7/site-packages/cspsubarrayleafnode/csp_subarray_leaf_node.py&quot;, line 158, in calculate_geometric_delays
    delay = self.delay_correction_object._calculate_delays(self.target,
AttributeError: &apos;CspSubarrayLeafNode&apos; object has no attribute &apos;delay_correction_object&apos;

</system-err></testcase><testcase classname="test.unit.csp_subarray_leaf_node_test" file="test/unit/csp_subarray_leaf_node_test.py" line="40" name="test_assign_resources_should_send_csp_subarray_with_correct_receptor_id_list" time="0.662"><system-out>1|2020-05-19T08:29:27.310Z|INFO|Thread-1|write_loggingLevel|base_device.py#455|tango-device:test/nodb/cspsubarrayleafnode|Logging level set to LoggingLevel.INFO on Python and Tango loggers
1|2020-05-19T08:29:27.310Z|INFO|Thread-1|update_logging_handlers|base_device.py#163|tango-device:test/nodb/cspsubarrayleafnode|Logging targets set to []
1|2020-05-19T08:29:27.311Z|INFO|Thread-1|init_device|base_device.py#364|tango-device:test/nodb/cspsubarrayleafnode|No Groups loaded for device: test/nodb/cspsubarrayleafnode
1|2020-05-19T08:29:27.311Z|INFO|Thread-1|init_device|base_device.py#366|tango-device:test/nodb/cspsubarrayleafnode|Completed SKABaseDevice.init_device
1|2020-05-19T08:29:27.316Z|INFO|Thread-1|init_device|csp_subarray_leaf_node.py#378|tango-device:test/nodb/cspsubarrayleafnode|CspSubarrayLeafNode initialized successfully.
Ready to accept request
1|2020-05-19T08:29:27.857Z|INFO|MainThread|AssignResources|csp_subarray_leaf_node.py#686|tango-device:test/nodb/cspsubarrayleafnode|Resources are assigned successfully on CspSubarray.
</system-out><system-err>Can&apos;t create notifd event supplier. Notifd event not available
</system-err></testcase><testcase classname="test.unit.csp_subarray_leaf_node_test" file="test/unit/csp_subarray_leaf_node_test.py" line="74" name="test_release_resource_should_command_csp_subarray_to_release_all_resources" time="0.764"><system-out>1|2020-05-19T08:29:27.989Z|INFO|Thread-1|write_loggingLevel|base_device.py#455|tango-device:test/nodb/cspsubarrayleafnode|Logging level set to LoggingLevel.INFO on Python and Tango loggers
1|2020-05-19T08:29:27.989Z|INFO|Thread-1|update_logging_handlers|base_device.py#163|tango-device:test/nodb/cspsubarrayleafnode|Logging targets set to []
1|2020-05-19T08:29:27.990Z|INFO|Thread-1|init_device|base_device.py#364|tango-device:test/nodb/cspsubarrayleafnode|No Groups loaded for device: test/nodb/cspsubarrayleafnode
1|2020-05-19T08:29:27.990Z|INFO|Thread-1|init_device|base_device.py#366|tango-device:test/nodb/cspsubarrayleafnode|Completed SKABaseDevice.init_device
1|2020-05-19T08:29:27.995Z|INFO|Thread-1|init_device|csp_subarray_leaf_node.py#378|tango-device:test/nodb/cspsubarrayleafnode|CspSubarrayLeafNode initialized successfully.
Ready to accept request
1|2020-05-19T08:29:28.585Z|INFO|MainThread|AssignResources|csp_subarray_leaf_node.py#686|tango-device:test/nodb/cspsubarrayleafnode|Resources are assigned successfully on CspSubarray.
1|2020-05-19T08:29:28.633Z|INFO|MainThread|ReleaseAllResources|csp_subarray_leaf_node.py#627|tango-device:test/nodb/cspsubarrayleafnode|All resources assigned to CSP Subarray are removed successfully.
</system-out><system-err>Can&apos;t create notifd event supplier. Notifd event not available
</system-err></testcase><testcase classname="test.unit.csp_subarray_leaf_node_test" file="test/unit/csp_subarray_leaf_node_test.py" line="105" name="test_end_scan_should_command_csp_subarray_to_end_scan_when_it_is_scanning" time="0.093"><system-out>1|2020-05-19T08:29:28.762Z|INFO|Thread-1|write_loggingLevel|base_device.py#455|tango-device:test/nodb/cspsubarrayleafnode|Logging level set to LoggingLevel.INFO on Python and Tango loggers
1|2020-05-19T08:29:28.763Z|INFO|Thread-1|update_logging_handlers|base_device.py#163|tango-device:test/nodb/cspsubarrayleafnode|Logging targets set to []
1|2020-05-19T08:29:28.763Z|INFO|Thread-1|init_device|base_device.py#364|tango-device:test/nodb/cspsubarrayleafnode|No Groups loaded for device: test/nodb/cspsubarrayleafnode
1|2020-05-19T08:29:28.763Z|INFO|Thread-1|init_device|base_device.py#366|tango-device:test/nodb/cspsubarrayleafnode|Completed SKABaseDevice.init_device
1|2020-05-19T08:29:28.764Z|INFO|Thread-2|delay_model_calculator|csp_subarray_leaf_node.py#268|tango-device:test/nodb/cspsubarrayleafnode|Calculating delays.
1|2020-05-19T08:29:28.764Z|INFO|Thread-1|init_device|csp_subarray_leaf_node.py#378|tango-device:test/nodb/cspsubarrayleafnode|CspSubarrayLeafNode initialized successfully.
Ready to accept request
1|2020-05-19T08:29:28.769Z|INFO|MainThread|EndScan|csp_subarray_leaf_node.py#588|tango-device:test/nodb/cspsubarrayleafnode|EndScan command invoked successfully on CspSubarray from CspSubarrayLeafNode.
</system-out><system-err>Can&apos;t create notifd event supplier. Notifd event not available
Exception in thread Thread-2:
Traceback (most recent call last):
  File &quot;/usr/lib/python3.7/threading.py&quot;, line 917, in _bootstrap_inner
    self.run()
  File &quot;/usr/lib/python3.7/threading.py&quot;, line 865, in run
    self._target(*self._args, **self._kwargs)
  File &quot;/venv/lib/python3.7/site-packages/cspsubarrayleafnode/csp_subarray_leaf_node.py&quot;, line 272, in delay_model_calculator
    delay_corrections_h_array_dict = self.calculate_geometric_delays(time_t0)
  File &quot;/venv/lib/python3.7/site-packages/cspsubarrayleafnode/csp_subarray_leaf_node.py&quot;, line 158, in calculate_geometric_delays
    delay = self.delay_correction_object._calculate_delays(self.target,
AttributeError: &apos;CspSubarrayLeafNode&apos; object has no attribute &apos;delay_correction_object&apos;

</system-err></testcase><testcase classname="test.unit.csp_subarray_leaf_node_test" file="test/unit/csp_subarray_leaf_node_test.py" line="128" name="test_configure_to_send_correct_configuration_data_when_csp_subarray_is_idle" time="0.739"><system-out>1|2020-05-19T08:29:28.870Z|INFO|Thread-1|write_loggingLevel|base_device.py#455|tango-device:test/nodb/cspsubarrayleafnode|Logging level set to LoggingLevel.INFO on Python and Tango loggers
1|2020-05-19T08:29:28.871Z|INFO|Thread-1|update_logging_handlers|base_device.py#163|tango-device:test/nodb/cspsubarrayleafnode|Logging targets set to []
1|2020-05-19T08:29:28.871Z|INFO|Thread-1|init_device|base_device.py#364|tango-device:test/nodb/cspsubarrayleafnode|No Groups loaded for device: test/nodb/cspsubarrayleafnode
1|2020-05-19T08:29:28.871Z|INFO|Thread-1|init_device|base_device.py#366|tango-device:test/nodb/cspsubarrayleafnode|Completed SKABaseDevice.init_device
1|2020-05-19T08:29:28.877Z|INFO|Thread-1|init_device|csp_subarray_leaf_node.py#378|tango-device:test/nodb/cspsubarrayleafnode|CspSubarrayLeafNode initialized successfully.
Ready to accept request
1|2020-05-19T08:29:29.413Z|INFO|MainThread|AssignResources|csp_subarray_leaf_node.py#686|tango-device:test/nodb/cspsubarrayleafnode|Resources are assigned successfully on CspSubarray.
1|2020-05-19T08:29:29.498Z|INFO|MainThread|Configure|csp_subarray_leaf_node.py#503|tango-device:test/nodb/cspsubarrayleafnode|Configure command invoked successfully on CspSubarray from CspSubarrayLeafNode.
</system-out><system-err>Can&apos;t create notifd event supplier. Notifd event not available
</system-err></testcase><testcase classname="test.unit.csp_subarray_leaf_node_test" file="test/unit/csp_subarray_leaf_node_test.py" line="169" name="test_goto_idle_should_command_csp_subarray_to_end_sb_when_it_is_ready" time="0.095"><system-out>1|2020-05-19T08:29:29.628Z|INFO|Thread-1|write_loggingLevel|base_device.py#455|tango-device:test/nodb/cspsubarrayleafnode|Logging level set to LoggingLevel.INFO on Python and Tango loggers
1|2020-05-19T08:29:29.629Z|INFO|Thread-1|update_logging_handlers|base_device.py#163|tango-device:test/nodb/cspsubarrayleafnode|Logging targets set to []
1|2020-05-19T08:29:29.629Z|INFO|Thread-1|init_device|base_device.py#364|tango-device:test/nodb/cspsubarrayleafnode|No Groups loaded for device: test/nodb/cspsubarrayleafnode
1|2020-05-19T08:29:29.630Z|INFO|Thread-1|init_device|base_device.py#366|tango-device:test/nodb/cspsubarrayleafnode|Completed SKABaseDevice.init_device
1|2020-05-19T08:29:29.630Z|INFO|Thread-2|delay_model_calculator|csp_subarray_leaf_node.py#268|tango-device:test/nodb/cspsubarrayleafnode|Calculating delays.
1|2020-05-19T08:29:29.630Z|INFO|Thread-1|init_device|csp_subarray_leaf_node.py#378|tango-device:test/nodb/cspsubarrayleafnode|CspSubarrayLeafNode initialized successfully.
Ready to accept request
1|2020-05-19T08:29:29.635Z|INFO|MainThread|GoToIdle|csp_subarray_leaf_node.py#734|tango-device:test/nodb/cspsubarrayleafnode|GoToIdle command is invoked successfully on CspSubarray.
</system-out><system-err>Can&apos;t create notifd event supplier. Notifd event not available
Exception in thread Thread-2:
Traceback (most recent call last):
  File &quot;/usr/lib/python3.7/threading.py&quot;, line 917, in _bootstrap_inner
    self.run()
  File &quot;/usr/lib/python3.7/threading.py&quot;, line 865, in run
    self._target(*self._args, **self._kwargs)
  File &quot;/venv/lib/python3.7/site-packages/cspsubarrayleafnode/csp_subarray_leaf_node.py&quot;, line 272, in delay_model_calculator
    delay_corrections_h_array_dict = self.calculate_geometric_delays(time_t0)
  File &quot;/venv/lib/python3.7/site-packages/cspsubarrayleafnode/csp_subarray_leaf_node.py&quot;, line 158, in calculate_geometric_delays
    delay = self.delay_correction_object._calculate_delays(self.target,
AttributeError: &apos;CspSubarrayLeafNode&apos; object has no attribute &apos;delay_correction_object&apos;

</system-err></testcase><testcase classname="test.unit.csp_subarray_leaf_node_test" file="test/unit/csp_subarray_leaf_node_test.py" line="204" name="test_assign_resource_should_raise_exception_when_called_invalid_json" time="0.332"><system-out>1|2020-05-19T08:29:29.733Z|INFO|Thread-1|write_loggingLevel|base_device.py#455|tango-device:test/nodb/cspsubarrayleafnode|Logging level set to LoggingLevel.INFO on Python and Tango loggers
1|2020-05-19T08:29:29.734Z|INFO|Thread-1|update_logging_handlers|base_device.py#163|tango-device:test/nodb/cspsubarrayleafnode|Logging targets set to []
1|2020-05-19T08:29:29.734Z|INFO|Thread-1|init_device|base_device.py#364|tango-device:test/nodb/cspsubarrayleafnode|No Groups loaded for device: test/nodb/cspsubarrayleafnode
1|2020-05-19T08:29:29.734Z|INFO|Thread-1|init_device|base_device.py#366|tango-device:test/nodb/cspsubarrayleafnode|Completed SKABaseDevice.init_device
1|2020-05-19T08:29:29.740Z|INFO|Thread-1|init_device|csp_subarray_leaf_node.py#378|tango-device:test/nodb/cspsubarrayleafnode|CspSubarrayLeafNode initialized successfully.
Ready to accept request
1|2020-05-19T08:29:29.929Z|ERROR|MainThread|AssignResources|csp_subarray_leaf_node.py#690|tango-device:test/nodb/cspsubarrayleafnode|Invalid JSON format while invoking AddReceptors command on CspSubarray.Expecting property name enclosed in double quotes: line 1 column 2 (char 1)
Exception in AssignResource: [&apos;Invalid JSON format while invoking AddReceptors command on CspSubarray.Expecting property name enclosed in double quotes: line 1 column 2 (char 1)&apos;]
</system-out><system-err>Can&apos;t create notifd event supplier. Notifd event not available
</system-err></testcase><testcase classname="test.unit.csp_subarray_leaf_node_test" file="test/unit/csp_subarray_leaf_node_test.py" line="214" name="test_assign_resource_should_raise_exception_when_key_not_found" time="0.386"><system-out>1|2020-05-19T08:29:30.088Z|INFO|Thread-1|write_loggingLevel|base_device.py#455|tango-device:test/nodb/cspsubarrayleafnode|Logging level set to LoggingLevel.INFO on Python and Tango loggers
1|2020-05-19T08:29:30.088Z|INFO|Thread-1|update_logging_handlers|base_device.py#163|tango-device:test/nodb/cspsubarrayleafnode|Logging targets set to []
1|2020-05-19T08:29:30.089Z|INFO|Thread-1|init_device|base_device.py#364|tango-device:test/nodb/cspsubarrayleafnode|No Groups loaded for device: test/nodb/cspsubarrayleafnode
1|2020-05-19T08:29:30.089Z|INFO|Thread-1|init_device|base_device.py#366|tango-device:test/nodb/cspsubarrayleafnode|Completed SKABaseDevice.init_device
1|2020-05-19T08:29:30.094Z|INFO|Thread-1|init_device|csp_subarray_leaf_node.py#378|tango-device:test/nodb/cspsubarrayleafnode|CspSubarrayLeafNode initialized successfully.
Ready to accept request
1|2020-05-19T08:29:30.328Z|ERROR|MainThread|AssignResources|csp_subarray_leaf_node.py#696|tango-device:test/nodb/cspsubarrayleafnode|JSON key not found.&apos;dish&apos;
Exception in AssignResource: [&quot;JSON key not found.&apos;dish&apos;&quot;]
</system-out><system-err>Can&apos;t create notifd event supplier. Notifd event not available
</system-err></testcase><testcase classname="test.unit.csp_subarray_leaf_node_test" file="test/unit/csp_subarray_leaf_node_test.py" line="225" name="test_configure_should_raise_exception_when_called_invalid_json" time="3.111"><skipped message="" type="pytest.xfail"></skipped><system-out>1|2020-05-19T08:29:30.480Z|INFO|Thread-1|write_loggingLevel|base_device.py#455|tango-device:test/nodb/cspsubarrayleafnode|Logging level set to LoggingLevel.INFO on Python and Tango loggers
1|2020-05-19T08:29:30.480Z|INFO|Thread-1|update_logging_handlers|base_device.py#163|tango-device:test/nodb/cspsubarrayleafnode|Logging targets set to []
1|2020-05-19T08:29:30.480Z|INFO|Thread-1|init_device|base_device.py#364|tango-device:test/nodb/cspsubarrayleafnode|No Groups loaded for device: test/nodb/cspsubarrayleafnode
1|2020-05-19T08:29:30.481Z|INFO|Thread-1|init_device|base_device.py#366|tango-device:test/nodb/cspsubarrayleafnode|Completed SKABaseDevice.init_device
1|2020-05-19T08:29:30.486Z|INFO|Thread-1|init_device|csp_subarray_leaf_node.py#378|tango-device:test/nodb/cspsubarrayleafnode|CspSubarrayLeafNode initialized successfully.
Ready to accept request
</system-out><system-err>Can&apos;t create notifd event supplier. Notifd event not available
</system-err></testcase><testcase classname="test.unit.csp_subarray_leaf_node_test" file="test/unit/csp_subarray_leaf_node_test.py" line="236" name="test_state" time="0.180"><system-out>1|2020-05-19T08:29:34.137Z|INFO|Thread-1|write_loggingLevel|base_device.py#455|tango-device:test/nodb/cspsubarrayleafnode|Logging level set to LoggingLevel.INFO on Python and Tango loggers
1|2020-05-19T08:29:34.137Z|INFO|Thread-1|update_logging_handlers|base_device.py#163|tango-device:test/nodb/cspsubarrayleafnode|Logging targets set to []
1|2020-05-19T08:29:34.138Z|INFO|Thread-1|init_device|base_device.py#364|tango-device:test/nodb/cspsubarrayleafnode|No Groups loaded for device: test/nodb/cspsubarrayleafnode
1|2020-05-19T08:29:34.138Z|INFO|Thread-1|init_device|base_device.py#366|tango-device:test/nodb/cspsubarrayleafnode|Completed SKABaseDevice.init_device
1|2020-05-19T08:29:34.143Z|INFO|Thread-1|init_device|csp_subarray_leaf_node.py#378|tango-device:test/nodb/cspsubarrayleafnode|CspSubarrayLeafNode initialized successfully.
Ready to accept request
</system-out><system-err>Can&apos;t create notifd event supplier. Notifd event not available
</system-err></testcase><testcase classname="test.unit.csp_subarray_leaf_node_test" file="test/unit/csp_subarray_leaf_node_test.py" line="242" name="test_status" time="0.156"><system-out>1|2020-05-19T08:29:34.319Z|INFO|Thread-1|write_loggingLevel|base_device.py#455|tango-device:test/nodb/cspsubarrayleafnode|Logging level set to LoggingLevel.INFO on Python and Tango loggers
1|2020-05-19T08:29:34.320Z|INFO|Thread-1|update_logging_handlers|base_device.py#163|tango-device:test/nodb/cspsubarrayleafnode|Logging targets set to []
1|2020-05-19T08:29:34.320Z|INFO|Thread-1|init_device|base_device.py#364|tango-device:test/nodb/cspsubarrayleafnode|No Groups loaded for device: test/nodb/cspsubarrayleafnode
1|2020-05-19T08:29:34.320Z|INFO|Thread-1|init_device|base_device.py#366|tango-device:test/nodb/cspsubarrayleafnode|Completed SKABaseDevice.init_device
1|2020-05-19T08:29:34.326Z|INFO|Thread-1|init_device|csp_subarray_leaf_node.py#378|tango-device:test/nodb/cspsubarrayleafnode|CspSubarrayLeafNode initialized successfully.
Ready to accept request
</system-out><system-err>Can&apos;t create notifd event supplier. Notifd event not available
</system-err></testcase><testcase classname="test.unit.csp_subarray_leaf_node_test" file="test/unit/csp_subarray_leaf_node_test.py" line="248" name="test_delay_model" time="0.166"><system-out>1|2020-05-19T08:29:34.491Z|INFO|Thread-1|write_loggingLevel|base_device.py#455|tango-device:test/nodb/cspsubarrayleafnode|Logging level set to LoggingLevel.INFO on Python and Tango loggers
1|2020-05-19T08:29:34.491Z|INFO|Thread-1|update_logging_handlers|base_device.py#163|tango-device:test/nodb/cspsubarrayleafnode|Logging targets set to []
1|2020-05-19T08:29:34.492Z|INFO|Thread-1|init_device|base_device.py#364|tango-device:test/nodb/cspsubarrayleafnode|No Groups loaded for device: test/nodb/cspsubarrayleafnode
1|2020-05-19T08:29:34.492Z|INFO|Thread-1|init_device|base_device.py#366|tango-device:test/nodb/cspsubarrayleafnode|Completed SKABaseDevice.init_device
1|2020-05-19T08:29:34.498Z|INFO|Thread-1|init_device|csp_subarray_leaf_node.py#378|tango-device:test/nodb/cspsubarrayleafnode|CspSubarrayLeafNode initialized successfully.
Ready to accept request
</system-out><system-err>Can&apos;t create notifd event supplier. Notifd event not available
</system-err></testcase><testcase classname="test.unit.csp_subarray_leaf_node_test" file="test/unit/csp_subarray_leaf_node_test.py" line="254" name="test_health_state" time="0.207"><system-out>1|2020-05-19T08:29:34.671Z|INFO|Thread-1|write_loggingLevel|base_device.py#455|tango-device:test/nodb/cspsubarrayleafnode|Logging level set to LoggingLevel.INFO on Python and Tango loggers
1|2020-05-19T08:29:34.671Z|INFO|Thread-1|update_logging_handlers|base_device.py#163|tango-device:test/nodb/cspsubarrayleafnode|Logging targets set to []
1|2020-05-19T08:29:34.672Z|INFO|Thread-1|init_device|base_device.py#364|tango-device:test/nodb/cspsubarrayleafnode|No Groups loaded for device: test/nodb/cspsubarrayleafnode
1|2020-05-19T08:29:34.672Z|INFO|Thread-1|init_device|base_device.py#366|tango-device:test/nodb/cspsubarrayleafnode|Completed SKABaseDevice.init_device
1|2020-05-19T08:29:34.677Z|INFO|Thread-1|init_device|csp_subarray_leaf_node.py#378|tango-device:test/nodb/cspsubarrayleafnode|CspSubarrayLeafNode initialized successfully.
Ready to accept request
</system-out><system-err>Can&apos;t create notifd event supplier. Notifd event not available
</system-err></testcase><testcase classname="test.unit.csp_subarray_leaf_node_test" file="test/unit/csp_subarray_leaf_node_test.py" line="260" name="test_admin_mode" time="0.170"><system-out>1|2020-05-19T08:29:34.888Z|INFO|Thread-1|write_loggingLevel|base_device.py#455|tango-device:test/nodb/cspsubarrayleafnode|Logging level set to LoggingLevel.INFO on Python and Tango loggers
1|2020-05-19T08:29:34.889Z|INFO|Thread-1|update_logging_handlers|base_device.py#163|tango-device:test/nodb/cspsubarrayleafnode|Logging targets set to []
1|2020-05-19T08:29:34.889Z|INFO|Thread-1|init_device|base_device.py#364|tango-device:test/nodb/cspsubarrayleafnode|No Groups loaded for device: test/nodb/cspsubarrayleafnode
1|2020-05-19T08:29:34.889Z|INFO|Thread-1|init_device|base_device.py#366|tango-device:test/nodb/cspsubarrayleafnode|Completed SKABaseDevice.init_device
1|2020-05-19T08:29:34.895Z|INFO|Thread-1|init_device|csp_subarray_leaf_node.py#378|tango-device:test/nodb/cspsubarrayleafnode|CspSubarrayLeafNode initialized successfully.
Ready to accept request
</system-out><system-err>Can&apos;t create notifd event supplier. Notifd event not available
</system-err></testcase><testcase classname="test.unit.csp_subarray_leaf_node_test" file="test/unit/csp_subarray_leaf_node_test.py" line="266" name="test_control_mode" time="0.237"><system-out>1|2020-05-19T08:29:35.103Z|INFO|Thread-1|write_loggingLevel|base_device.py#455|tango-device:test/nodb/cspsubarrayleafnode|Logging level set to LoggingLevel.INFO on Python and Tango loggers
1|2020-05-19T08:29:35.104Z|INFO|Thread-1|update_logging_handlers|base_device.py#163|tango-device:test/nodb/cspsubarrayleafnode|Logging targets set to []
1|2020-05-19T08:29:35.104Z|INFO|Thread-1|init_device|base_device.py#364|tango-device:test/nodb/cspsubarrayleafnode|No Groups loaded for device: test/nodb/cspsubarrayleafnode
1|2020-05-19T08:29:35.104Z|INFO|Thread-1|init_device|base_device.py#366|tango-device:test/nodb/cspsubarrayleafnode|Completed SKABaseDevice.init_device
1|2020-05-19T08:29:35.110Z|INFO|Thread-1|init_device|csp_subarray_leaf_node.py#378|tango-device:test/nodb/cspsubarrayleafnode|CspSubarrayLeafNode initialized successfully.
Ready to accept request
</system-out><system-err>Can&apos;t create notifd event supplier. Notifd event not available
</system-err></testcase><testcase classname="test.unit.csp_subarray_leaf_node_test" file="test/unit/csp_subarray_leaf_node_test.py" line="274" name="test_simulation_mode" time="0.194"><system-out>1|2020-05-19T08:29:35.318Z|INFO|Thread-1|write_loggingLevel|base_device.py#455|tango-device:test/nodb/cspsubarrayleafnode|Logging level set to LoggingLevel.INFO on Python and Tango loggers
1|2020-05-19T08:29:35.319Z|INFO|Thread-1|update_logging_handlers|base_device.py#163|tango-device:test/nodb/cspsubarrayleafnode|Logging targets set to []
1|2020-05-19T08:29:35.319Z|INFO|Thread-1|init_device|base_device.py#364|tango-device:test/nodb/cspsubarrayleafnode|No Groups loaded for device: test/nodb/cspsubarrayleafnode
1|2020-05-19T08:29:35.319Z|INFO|Thread-1|init_device|base_device.py#366|tango-device:test/nodb/cspsubarrayleafnode|Completed SKABaseDevice.init_device
1|2020-05-19T08:29:35.325Z|INFO|Thread-1|init_device|csp_subarray_leaf_node.py#378|tango-device:test/nodb/cspsubarrayleafnode|CspSubarrayLeafNode initialized successfully.
Ready to accept request
</system-out><system-err>Can&apos;t create notifd event supplier. Notifd event not available
</system-err></testcase><testcase classname="test.unit.csp_subarray_leaf_node_test" file="test/unit/csp_subarray_leaf_node_test.py" line="282" name="test_test_mode" time="0.194"><system-out>1|2020-05-19T08:29:35.525Z|INFO|Thread-1|write_loggingLevel|base_device.py#455|tango-device:test/nodb/cspsubarrayleafnode|Logging level set to LoggingLevel.INFO on Python and Tango loggers
1|2020-05-19T08:29:35.526Z|INFO|Thread-1|update_logging_handlers|base_device.py#163|tango-device:test/nodb/cspsubarrayleafnode|Logging targets set to []
1|2020-05-19T08:29:35.526Z|INFO|Thread-1|init_device|base_device.py#364|tango-device:test/nodb/cspsubarrayleafnode|No Groups loaded for device: test/nodb/cspsubarrayleafnode
1|2020-05-19T08:29:35.526Z|INFO|Thread-1|init_device|base_device.py#366|tango-device:test/nodb/cspsubarrayleafnode|Completed SKABaseDevice.init_device
1|2020-05-19T08:29:35.532Z|INFO|Thread-1|init_device|csp_subarray_leaf_node.py#378|tango-device:test/nodb/cspsubarrayleafnode|CspSubarrayLeafNode initialized successfully.
Ready to accept request
</system-out><system-err>Can&apos;t create notifd event supplier. Notifd event not available
</system-err></testcase><testcase classname="test.unit.csp_subarray_leaf_node_test" file="test/unit/csp_subarray_leaf_node_test.py" line="290" name="test_visdestination_address" time="0.195"><system-out>1|2020-05-19T08:29:35.733Z|INFO|Thread-1|write_loggingLevel|base_device.py#455|tango-device:test/nodb/cspsubarrayleafnode|Logging level set to LoggingLevel.INFO on Python and Tango loggers
1|2020-05-19T08:29:35.734Z|INFO|Thread-1|update_logging_handlers|base_device.py#163|tango-device:test/nodb/cspsubarrayleafnode|Logging targets set to []
1|2020-05-19T08:29:35.734Z|INFO|Thread-1|init_device|base_device.py#364|tango-device:test/nodb/cspsubarrayleafnode|No Groups loaded for device: test/nodb/cspsubarrayleafnode
1|2020-05-19T08:29:35.734Z|INFO|Thread-1|init_device|base_device.py#366|tango-device:test/nodb/cspsubarrayleafnode|Completed SKABaseDevice.init_device
1|2020-05-19T08:29:35.740Z|INFO|Thread-1|init_device|csp_subarray_leaf_node.py#378|tango-device:test/nodb/cspsubarrayleafnode|CspSubarrayLeafNode initialized successfully.
Ready to accept request
</system-out><system-err>Can&apos;t create notifd event supplier. Notifd event not available
</system-err></testcase><testcase classname="test.unit.csp_subarray_leaf_node_test" file="test/unit/csp_subarray_leaf_node_test.py" line="297" name="test_activity_message" time="0.154"><system-out>1|2020-05-19T08:29:35.941Z|INFO|Thread-1|write_loggingLevel|base_device.py#455|tango-device:test/nodb/cspsubarrayleafnode|Logging level set to LoggingLevel.INFO on Python and Tango loggers
1|2020-05-19T08:29:35.942Z|INFO|Thread-1|update_logging_handlers|base_device.py#163|tango-device:test/nodb/cspsubarrayleafnode|Logging targets set to []
1|2020-05-19T08:29:35.942Z|INFO|Thread-1|init_device|base_device.py#364|tango-device:test/nodb/cspsubarrayleafnode|No Groups loaded for device: test/nodb/cspsubarrayleafnode
1|2020-05-19T08:29:35.942Z|INFO|Thread-1|init_device|base_device.py#366|tango-device:test/nodb/cspsubarrayleafnode|Completed SKABaseDevice.init_device
1|2020-05-19T08:29:35.948Z|INFO|Thread-1|init_device|csp_subarray_leaf_node.py#378|tango-device:test/nodb/cspsubarrayleafnode|CspSubarrayLeafNode initialized successfully.
Ready to accept request
</system-out><system-err>Can&apos;t create notifd event supplier. Notifd event not available
</system-err></testcase><testcase classname="test.unit.csp_subarray_leaf_node_test" file="test/unit/csp_subarray_leaf_node_test.py" line="303" name="test_logging_level" time="0.190"><system-out>1|2020-05-19T08:29:36.107Z|INFO|Thread-1|write_loggingLevel|base_device.py#455|tango-device:test/nodb/cspsubarrayleafnode|Logging level set to LoggingLevel.INFO on Python and Tango loggers
1|2020-05-19T08:29:36.107Z|INFO|Thread-1|update_logging_handlers|base_device.py#163|tango-device:test/nodb/cspsubarrayleafnode|Logging targets set to []
1|2020-05-19T08:29:36.108Z|INFO|Thread-1|init_device|base_device.py#364|tango-device:test/nodb/cspsubarrayleafnode|No Groups loaded for device: test/nodb/cspsubarrayleafnode
1|2020-05-19T08:29:36.108Z|INFO|Thread-1|init_device|base_device.py#366|tango-device:test/nodb/cspsubarrayleafnode|Completed SKABaseDevice.init_device
1|2020-05-19T08:29:36.113Z|INFO|Thread-1|init_device|csp_subarray_leaf_node.py#378|tango-device:test/nodb/cspsubarrayleafnode|CspSubarrayLeafNode initialized successfully.
Ready to accept request
1|2020-05-19T08:29:36.170Z|INFO|MainThread|write_loggingLevel|base_device.py#455|tango-device:test/nodb/cspsubarrayleafnode|Logging level set to LoggingLevel.INFO on Python and Tango loggers
</system-out><system-err>Can&apos;t create notifd event supplier. Notifd event not available
</system-err></testcase><testcase classname="test.unit.csp_subarray_leaf_node_test" file="test/unit/csp_subarray_leaf_node_test.py" line="310" name="test_logging_targets" time="0.187"><system-out>1|2020-05-19T08:29:36.310Z|INFO|Thread-1|write_loggingLevel|base_device.py#455|tango-device:test/nodb/cspsubarrayleafnode|Logging level set to LoggingLevel.INFO on Python and Tango loggers
1|2020-05-19T08:29:36.311Z|INFO|Thread-1|update_logging_handlers|base_device.py#163|tango-device:test/nodb/cspsubarrayleafnode|Logging targets set to []
1|2020-05-19T08:29:36.311Z|INFO|Thread-1|init_device|base_device.py#364|tango-device:test/nodb/cspsubarrayleafnode|No Groups loaded for device: test/nodb/cspsubarrayleafnode
1|2020-05-19T08:29:36.311Z|INFO|Thread-1|init_device|base_device.py#366|tango-device:test/nodb/cspsubarrayleafnode|Completed SKABaseDevice.init_device
1|2020-05-19T08:29:36.317Z|INFO|Thread-1|init_device|csp_subarray_leaf_node.py#378|tango-device:test/nodb/cspsubarrayleafnode|CspSubarrayLeafNode initialized successfully.
Ready to accept request
1|2020-05-19T08:29:36.369Z|INFO|MainThread|update_logging_handlers|base_device.py#163|tango-device:test/nodb/cspsubarrayleafnode|Logging targets set to [&apos;console::cout&apos;]
1|2020-05-19T08:29:36.369Z|INFO|MainThread|update_logging_handlers|base_device.py#163|tango-device:test/nodb/cspsubarrayleafnode|Logging targets set to [&apos;console::cout&apos;]
</system-out><system-err>Can&apos;t create notifd event supplier. Notifd event not available
</system-err></testcase></testsuite></testsuites>