<?xml version="1.0" encoding="utf-8"?><testsuites><testsuite errors="0" failures="0" hostname="fd39a9b928cb" name="pytest" skipped="0" tests="39" time="33.592" timestamp="2020-05-19T08:29:52.735529"><testcase classname="test.unit.subarray_node_test" file="test/unit/subarray_node_test.py" line="22" name="test_on_command_should_change_subarray_device_state_from_disable_to_off" time="0.086"><system-out>1|2020-05-19T08:29:53.004Z|INFO|Thread-1|write_loggingLevel|base_device.py#455|tango-device:test/nodb/subarraynode|Logging level set to LoggingLevel.INFO on Python and Tango loggers
1|2020-05-19T08:29:53.005Z|INFO|Thread-1|update_logging_handlers|base_device.py#163|tango-device:test/nodb/subarraynode|Logging targets set to []
1|2020-05-19T08:29:53.005Z|INFO|Thread-1|init_device|base_device.py#364|tango-device:test/nodb/subarraynode|No Groups loaded for device: test/nodb/subarraynode
1|2020-05-19T08:29:53.005Z|INFO|Thread-1|init_device|base_device.py#366|tango-device:test/nodb/subarraynode|Completed SKABaseDevice.init_device
1|2020-05-19T08:29:53.008Z|INFO|Thread-1|init_device|subarray_node.py#1099|tango-device:test/nodb/subarraynode|Csp Subarray Leaf Node initialized successfully.
1|2020-05-19T08:29:53.010Z|INFO|Thread-1|init_device|subarray_node.py#1131|tango-device:test/nodb/subarraynode|Subarray node is initialized successfully.
Ready to accept request
</system-out><system-err>Can&apos;t create notifd event supplier. Notifd event not available
</system-err></testcase><testcase classname="test.unit.subarray_node_test" file="test/unit/subarray_node_test.py" line="30" name="test_standby_command_should_change_subarray_device_state_to_disable" time="0.085"><system-out>1|2020-05-19T08:29:53.106Z|INFO|Thread-1|write_loggingLevel|base_device.py#455|tango-device:test/nodb/subarraynode|Logging level set to LoggingLevel.INFO on Python and Tango loggers
1|2020-05-19T08:29:53.106Z|INFO|Thread-1|update_logging_handlers|base_device.py#163|tango-device:test/nodb/subarraynode|Logging targets set to []
1|2020-05-19T08:29:53.107Z|INFO|Thread-1|init_device|base_device.py#364|tango-device:test/nodb/subarraynode|No Groups loaded for device: test/nodb/subarraynode
1|2020-05-19T08:29:53.107Z|INFO|Thread-1|init_device|base_device.py#366|tango-device:test/nodb/subarraynode|Completed SKABaseDevice.init_device
1|2020-05-19T08:29:53.110Z|INFO|Thread-1|init_device|subarray_node.py#1099|tango-device:test/nodb/subarraynode|Csp Subarray Leaf Node initialized successfully.
1|2020-05-19T08:29:53.112Z|INFO|Thread-1|init_device|subarray_node.py#1131|tango-device:test/nodb/subarraynode|Subarray node is initialized successfully.
Ready to accept request
</system-out><system-err>Can&apos;t create notifd event supplier. Notifd event not available
</system-err></testcase><testcase classname="test.unit.subarray_node_test" file="test/unit/subarray_node_test.py" line="38" name="test_assign_resource_should_command_dish_csp_sdp_subarray1_to_assign_valid_resources" time="0.154"><system-out>1|2020-05-19T08:29:53.207Z|INFO|Thread-1|write_loggingLevel|base_device.py#455|tango-device:test/nodb/subarraynode|Logging level set to LoggingLevel.INFO on Python and Tango loggers
1|2020-05-19T08:29:53.208Z|INFO|Thread-1|update_logging_handlers|base_device.py#163|tango-device:test/nodb/subarraynode|Logging targets set to []
1|2020-05-19T08:29:53.208Z|INFO|Thread-1|init_device|base_device.py#364|tango-device:test/nodb/subarraynode|No Groups loaded for device: test/nodb/subarraynode
1|2020-05-19T08:29:53.208Z|INFO|Thread-1|init_device|base_device.py#366|tango-device:test/nodb/subarraynode|Completed SKABaseDevice.init_device
1|2020-05-19T08:29:53.211Z|INFO|Thread-1|init_device|subarray_node.py#1099|tango-device:test/nodb/subarraynode|Csp Subarray Leaf Node initialized successfully.
1|2020-05-19T08:29:53.214Z|INFO|Thread-1|init_device|subarray_node.py#1131|tango-device:test/nodb/subarraynode|Subarray node is initialized successfully.
Ready to accept request
1|2020-05-19T08:29:53.220Z|INFO|MainThread|AssignResources|subarray_node.py#803|tango-device:test/nodb/subarraynode|Allocating dishes
1|2020-05-19T08:29:53.233Z|INFO|MainThread|AssignResources|subarray_node.py#807|tango-device:test/nodb/subarraynode|Allocating CSP resources
1|2020-05-19T08:29:53.237Z|INFO|MainThread|AssignResources|subarray_node.py#811|tango-device:test/nodb/subarraynode|Allocating SDP resources
1|2020-05-19T08:29:53.255Z|INFO|ThreadPoolExecutor-0_0|add_receptors_in_group|subarray_node.py#372|tango-device:test/nodb/subarraynode|Receptors are assigned successfully.
1|2020-05-19T08:29:53.265Z|INFO|ThreadPoolExecutor-0_0|add_receptors_in_group|subarray_node.py#372|tango-device:test/nodb/subarraynode|Receptors are assigned successfully.
</system-out><system-err>Can&apos;t create notifd event supplier. Notifd event not available
</system-err></testcase><testcase classname="test.unit.subarray_node_test" file="test/unit/subarray_node_test.py" line="99" name="test_assign_resource_should_raise_exception_when_called_when_device_state_disable" time="0.119"><system-out>1|2020-05-19T08:29:53.404Z|INFO|Thread-1|write_loggingLevel|base_device.py#455|tango-device:test/nodb/subarraynode|Logging level set to LoggingLevel.INFO on Python and Tango loggers
1|2020-05-19T08:29:53.405Z|INFO|Thread-1|update_logging_handlers|base_device.py#163|tango-device:test/nodb/subarraynode|Logging targets set to []
1|2020-05-19T08:29:53.405Z|INFO|Thread-1|init_device|base_device.py#364|tango-device:test/nodb/subarraynode|No Groups loaded for device: test/nodb/subarraynode
1|2020-05-19T08:29:53.405Z|INFO|Thread-1|init_device|base_device.py#366|tango-device:test/nodb/subarraynode|Completed SKABaseDevice.init_device
1|2020-05-19T08:29:53.409Z|INFO|Thread-1|init_device|subarray_node.py#1099|tango-device:test/nodb/subarraynode|Csp Subarray Leaf Node initialized successfully.
1|2020-05-19T08:29:53.410Z|INFO|Thread-1|init_device|subarray_node.py#1131|tango-device:test/nodb/subarraynode|Subarray node is initialized successfully.
Ready to accept request
</system-out><system-err>Can&apos;t create notifd event supplier. Notifd event not available
</system-err></testcase><testcase classname="test.unit.subarray_node_test" file="test/unit/subarray_node_test.py" line="123" name="test_assign_resource_should_raise_exception_when_called_with_invalid_input" time="0.095"><system-out>1|2020-05-19T08:29:53.516Z|INFO|Thread-1|write_loggingLevel|base_device.py#455|tango-device:test/nodb/subarraynode|Logging level set to LoggingLevel.INFO on Python and Tango loggers
1|2020-05-19T08:29:53.516Z|INFO|Thread-1|update_logging_handlers|base_device.py#163|tango-device:test/nodb/subarraynode|Logging targets set to []
1|2020-05-19T08:29:53.517Z|INFO|Thread-1|init_device|base_device.py#364|tango-device:test/nodb/subarraynode|No Groups loaded for device: test/nodb/subarraynode
1|2020-05-19T08:29:53.517Z|INFO|Thread-1|init_device|base_device.py#366|tango-device:test/nodb/subarraynode|Completed SKABaseDevice.init_device
1|2020-05-19T08:29:53.520Z|INFO|Thread-1|init_device|subarray_node.py#1099|tango-device:test/nodb/subarraynode|Csp Subarray Leaf Node initialized successfully.
1|2020-05-19T08:29:53.521Z|INFO|Thread-1|init_device|subarray_node.py#1131|tango-device:test/nodb/subarraynode|Subarray node is initialized successfully.
Ready to accept request
1|2020-05-19T08:29:53.525Z|ERROR|MainThread|AssignResources|subarray_node.py#786|tango-device:test/nodb/subarraynode|Invalid JSON formatExpecting value: line 1 column 17 (char 16)
</system-out><system-err>Can&apos;t create notifd event supplier. Notifd event not available
</system-err></testcase><testcase classname="test.unit.subarray_node_test" file="test/unit/subarray_node_test.py" line="135" name="test_release_resource_command_subarray" time="0.144"><system-out>1|2020-05-19T08:29:53.644Z|INFO|Thread-1|write_loggingLevel|base_device.py#455|tango-device:test/nodb/subarraynode|Logging level set to LoggingLevel.INFO on Python and Tango loggers
1|2020-05-19T08:29:53.645Z|INFO|Thread-1|update_logging_handlers|base_device.py#163|tango-device:test/nodb/subarraynode|Logging targets set to []
1|2020-05-19T08:29:53.645Z|INFO|Thread-1|init_device|base_device.py#364|tango-device:test/nodb/subarraynode|No Groups loaded for device: test/nodb/subarraynode
1|2020-05-19T08:29:53.646Z|INFO|Thread-1|init_device|base_device.py#366|tango-device:test/nodb/subarraynode|Completed SKABaseDevice.init_device
1|2020-05-19T08:29:53.650Z|INFO|Thread-1|init_device|subarray_node.py#1099|tango-device:test/nodb/subarraynode|Csp Subarray Leaf Node initialized successfully.
1|2020-05-19T08:29:53.653Z|INFO|Thread-1|init_device|subarray_node.py#1131|tango-device:test/nodb/subarraynode|Subarray node is initialized successfully.
Ready to accept request
1|2020-05-19T08:29:53.657Z|INFO|MainThread|AssignResources|subarray_node.py#803|tango-device:test/nodb/subarraynode|Allocating dishes
1|2020-05-19T08:29:53.667Z|INFO|MainThread|AssignResources|subarray_node.py#807|tango-device:test/nodb/subarraynode|Allocating CSP resources
1|2020-05-19T08:29:53.669Z|INFO|MainThread|AssignResources|subarray_node.py#811|tango-device:test/nodb/subarraynode|Allocating SDP resources
1|2020-05-19T08:29:53.671Z|INFO|ThreadPoolExecutor-0_0|add_receptors_in_group|subarray_node.py#372|tango-device:test/nodb/subarraynode|Receptors are assigned successfully.
1|2020-05-19T08:29:53.674Z|INFO|ThreadPoolExecutor-0_0|add_receptors_in_group|subarray_node.py#372|tango-device:test/nodb/subarraynode|Receptors are assigned successfully.
1|2020-05-19T08:29:53.680Z|INFO|MainThread|ReleaseAllResources|subarray_node.py#883|tango-device:test/nodb/subarraynode|Releasing dishes
1|2020-05-19T08:29:53.683Z|INFO|MainThread|remove_receptors_in_group|subarray_node.py#543|tango-device:test/nodb/subarraynode|All the receptors are removed from the Subarray node.
1|2020-05-19T08:29:53.683Z|INFO|MainThread|ReleaseAllResources|subarray_node.py#885|tango-device:test/nodb/subarraynode|Releasing CSP resources
1|2020-05-19T08:29:53.683Z|INFO|MainThread|ReleaseAllResources|subarray_node.py#887|tango-device:test/nodb/subarraynode|Releasing SDP resources
</system-out><system-err>Can&apos;t create notifd event supplier. Notifd event not available
</system-err></testcase><testcase classname="test.unit.subarray_node_test" file="test/unit/subarray_node_test.py" line="188" name="test_release_resource_should_raise_exception_when_called_before_assign_resource" time="0.124"><system-out>1|2020-05-19T08:29:53.798Z|INFO|Thread-1|write_loggingLevel|base_device.py#455|tango-device:test/nodb/subarraynode|Logging level set to LoggingLevel.INFO on Python and Tango loggers
1|2020-05-19T08:29:53.799Z|INFO|Thread-1|update_logging_handlers|base_device.py#163|tango-device:test/nodb/subarraynode|Logging targets set to []
1|2020-05-19T08:29:53.799Z|INFO|Thread-1|init_device|base_device.py#364|tango-device:test/nodb/subarraynode|No Groups loaded for device: test/nodb/subarraynode
1|2020-05-19T08:29:53.800Z|INFO|Thread-1|init_device|base_device.py#366|tango-device:test/nodb/subarraynode|Completed SKABaseDevice.init_device
1|2020-05-19T08:29:53.805Z|INFO|Thread-1|init_device|subarray_node.py#1099|tango-device:test/nodb/subarraynode|Csp Subarray Leaf Node initialized successfully.
1|2020-05-19T08:29:53.807Z|INFO|Thread-1|init_device|subarray_node.py#1131|tango-device:test/nodb/subarraynode|Subarray node is initialized successfully.
Ready to accept request
1|2020-05-19T08:29:53.812Z|ERROR|MainThread|ReleaseAllResources|subarray_node.py#878|tango-device:test/nodb/subarraynode|Exception occurred in ReleaseAllResources command.Resources are already released from Subarray
</system-out><system-err>Can&apos;t create notifd event supplier. Notifd event not available
</system-err></testcase><testcase classname="test.unit.subarray_node_test" file="test/unit/subarray_node_test.py" line="200" name="test_configure_command_subarray" time="2.192"><system-out>1|2020-05-19T08:29:53.982Z|INFO|Thread-1|write_loggingLevel|base_device.py#455|tango-device:test/nodb/subarraynode|Logging level set to LoggingLevel.INFO on Python and Tango loggers
1|2020-05-19T08:29:53.983Z|INFO|Thread-1|update_logging_handlers|base_device.py#163|tango-device:test/nodb/subarraynode|Logging targets set to []
1|2020-05-19T08:29:53.983Z|INFO|Thread-1|init_device|base_device.py#364|tango-device:test/nodb/subarraynode|No Groups loaded for device: test/nodb/subarraynode
1|2020-05-19T08:29:53.983Z|INFO|Thread-1|init_device|base_device.py#366|tango-device:test/nodb/subarraynode|Completed SKABaseDevice.init_device
1|2020-05-19T08:29:53.986Z|INFO|Thread-1|init_device|subarray_node.py#1099|tango-device:test/nodb/subarraynode|Csp Subarray Leaf Node initialized successfully.
1|2020-05-19T08:29:53.988Z|INFO|Thread-1|init_device|subarray_node.py#1131|tango-device:test/nodb/subarraynode|Subarray node is initialized successfully.
Ready to accept request
1|2020-05-19T08:29:53.992Z|INFO|MainThread|AssignResources|subarray_node.py#803|tango-device:test/nodb/subarraynode|Allocating dishes
1|2020-05-19T08:29:54.004Z|INFO|MainThread|AssignResources|subarray_node.py#807|tango-device:test/nodb/subarraynode|Allocating CSP resources
1|2020-05-19T08:29:54.006Z|INFO|MainThread|AssignResources|subarray_node.py#811|tango-device:test/nodb/subarraynode|Allocating SDP resources
1|2020-05-19T08:29:54.007Z|INFO|ThreadPoolExecutor-0_0|add_receptors_in_group|subarray_node.py#372|tango-device:test/nodb/subarraynode|Receptors are assigned successfully.
1|2020-05-19T08:29:54.026Z|INFO|ThreadPoolExecutor-0_0|add_receptors_in_group|subarray_node.py#372|tango-device:test/nodb/subarraynode|Receptors are assigned successfully.
1|2020-05-19T08:29:54.028Z|INFO|MainThread|Configure|subarray_node.py#1277|tango-device:test/nodb/subarraynode|Configure command invoked on Subarray
1|2020-05-19T08:29:54.028Z|INFO|MainThread|Configure|subarray_node.py#1279|tango-device:test/nodb/subarraynode|Input Arguments for Configure command :-&gt; {&quot;pointing&quot;:{&quot;target&quot;:{&quot;system&quot;:&quot;ICRS&quot;,&quot;name&quot;:&quot;Polaris Australis&quot;,&quot;RA&quot;:&quot;21:08:47.92&quot;,&quot;dec&quot;:&quot;-88:57:22.9&quot;}},&quot;dish&quot;:{&quot;receiverBand&quot;:&quot;1&quot;},&quot;csp&quot;:{&quot;id&quot;:&quot;sbi-mvp01-20200325-00001-science_A&quot;,&quot;frequencyBand&quot;:&quot;1&quot;,&quot;fsp&quot;:[{&quot;fspID&quot;:1,&quot;functionMode&quot;:&quot;CORR&quot;,&quot;frequencySliceID&quot;:1,&quot;integrationTime&quot;:1400,&quot;corrBandwidth&quot;:0}]},&quot;sdp&quot;:{&quot;scan_type&quot;:&quot;science_A&quot;},&quot;tmc&quot;:{&quot;scanDuration&quot;:10.0}}
</system-out><system-err>Can&apos;t create notifd event supplier. Notifd event not available
</system-err></testcase><testcase classname="test.unit.subarray_node_test" file="test/unit/subarray_node_test.py" line="278" name="test_configure_command_subarray_with_invalid_key" time="0.116"><system-out>1|2020-05-19T08:29:56.129Z|INFO|Thread-1|write_loggingLevel|base_device.py#455|tango-device:test/nodb/subarraynode|Logging level set to LoggingLevel.INFO on Python and Tango loggers
1|2020-05-19T08:29:56.129Z|INFO|Thread-1|update_logging_handlers|base_device.py#163|tango-device:test/nodb/subarraynode|Logging targets set to []
1|2020-05-19T08:29:56.129Z|INFO|Thread-1|init_device|base_device.py#364|tango-device:test/nodb/subarraynode|No Groups loaded for device: test/nodb/subarraynode
1|2020-05-19T08:29:56.129Z|INFO|Thread-1|init_device|base_device.py#366|tango-device:test/nodb/subarraynode|Completed SKABaseDevice.init_device
1|2020-05-19T08:29:56.132Z|INFO|Thread-1|init_device|subarray_node.py#1099|tango-device:test/nodb/subarraynode|Csp Subarray Leaf Node initialized successfully.
1|2020-05-19T08:29:56.134Z|INFO|Thread-1|init_device|subarray_node.py#1131|tango-device:test/nodb/subarraynode|Subarray node is initialized successfully.
Ready to accept request
1|2020-05-19T08:29:56.138Z|INFO|MainThread|AssignResources|subarray_node.py#803|tango-device:test/nodb/subarraynode|Allocating dishes
1|2020-05-19T08:29:56.147Z|INFO|MainThread|AssignResources|subarray_node.py#807|tango-device:test/nodb/subarraynode|Allocating CSP resources
1|2020-05-19T08:29:56.149Z|INFO|ThreadPoolExecutor-0_0|add_receptors_in_group|subarray_node.py#372|tango-device:test/nodb/subarraynode|Receptors are assigned successfully.
1|2020-05-19T08:29:56.153Z|INFO|ThreadPoolExecutor-0_0|add_receptors_in_group|subarray_node.py#372|tango-device:test/nodb/subarraynode|Receptors are assigned successfully.
1|2020-05-19T08:29:56.154Z|INFO|MainThread|AssignResources|subarray_node.py#811|tango-device:test/nodb/subarraynode|Allocating SDP resources
1|2020-05-19T08:29:56.162Z|INFO|MainThread|Configure|subarray_node.py#1277|tango-device:test/nodb/subarraynode|Configure command invoked on Subarray
1|2020-05-19T08:29:56.162Z|INFO|MainThread|Configure|subarray_node.py#1279|tango-device:test/nodb/subarraynode|Input Arguments for Configure command :-&gt; {&quot;pointing12345&quot;:{&quot;target&quot;:{&quot;system&quot;:&quot;ICRS&quot;,&quot;name&quot;:&quot;Polaris Australis&quot;,&quot;RA&quot;:&quot;21:08:47.92&quot;,&quot;dec&quot;:&quot;-88:57:22.9&quot;}},&quot;dish&quot;:{&quot;receiverBand&quot;:&quot;1&quot;},&quot;csp&quot;:{&quot;id&quot;:&quot;sbi-mvp01-20200325-00001-science_A&quot;,&quot;frequencyBand&quot;:&quot;1&quot;,&quot;fsp&quot;:[{&quot;fspID&quot;:1,&quot;functionMode&quot;:&quot;CORR&quot;,&quot;frequencySliceID&quot;:1,&quot;integrationTime&quot;:1400,&quot;corrBandwidth&quot;:0}]},&quot;sdp&quot;:{&quot;scan_type&quot;:&quot;science_A&quot;},&quot;tmc&quot;:{&quot;scanDuration&quot;:10.0}}
</system-out><system-err>Can&apos;t create notifd event supplier. Notifd event not available
</system-err></testcase><testcase classname="test.unit.subarray_node_test" file="test/unit/subarray_node_test.py" line="339" name="test_configure_command_subarray_with_invalid_configure_input" time="0.121"><system-out>1|2020-05-19T08:29:56.265Z|INFO|Thread-1|write_loggingLevel|base_device.py#455|tango-device:test/nodb/subarraynode|Logging level set to LoggingLevel.INFO on Python and Tango loggers
1|2020-05-19T08:29:56.266Z|INFO|Thread-1|update_logging_handlers|base_device.py#163|tango-device:test/nodb/subarraynode|Logging targets set to []
1|2020-05-19T08:29:56.266Z|INFO|Thread-1|init_device|base_device.py#364|tango-device:test/nodb/subarraynode|No Groups loaded for device: test/nodb/subarraynode
1|2020-05-19T08:29:56.266Z|INFO|Thread-1|init_device|base_device.py#366|tango-device:test/nodb/subarraynode|Completed SKABaseDevice.init_device
1|2020-05-19T08:29:56.269Z|INFO|Thread-1|init_device|subarray_node.py#1099|tango-device:test/nodb/subarraynode|Csp Subarray Leaf Node initialized successfully.
1|2020-05-19T08:29:56.271Z|INFO|Thread-1|init_device|subarray_node.py#1131|tango-device:test/nodb/subarraynode|Subarray node is initialized successfully.
Ready to accept request
1|2020-05-19T08:29:56.274Z|INFO|MainThread|AssignResources|subarray_node.py#803|tango-device:test/nodb/subarraynode|Allocating dishes
1|2020-05-19T08:29:56.283Z|INFO|MainThread|AssignResources|subarray_node.py#807|tango-device:test/nodb/subarraynode|Allocating CSP resources
1|2020-05-19T08:29:56.286Z|INFO|MainThread|AssignResources|subarray_node.py#811|tango-device:test/nodb/subarraynode|Allocating SDP resources
1|2020-05-19T08:29:56.287Z|INFO|ThreadPoolExecutor-0_0|add_receptors_in_group|subarray_node.py#372|tango-device:test/nodb/subarraynode|Receptors are assigned successfully.
1|2020-05-19T08:29:56.291Z|INFO|ThreadPoolExecutor-0_0|add_receptors_in_group|subarray_node.py#372|tango-device:test/nodb/subarraynode|Receptors are assigned successfully.
1|2020-05-19T08:29:56.293Z|INFO|MainThread|Configure|subarray_node.py#1277|tango-device:test/nodb/subarraynode|Configure command invoked on Subarray
1|2020-05-19T08:29:56.293Z|INFO|MainThread|Configure|subarray_node.py#1279|tango-device:test/nodb/subarraynode|Input Arguments for Configure command :-&gt; {&quot;invalid_key&quot;}
1|2020-05-19T08:29:56.293Z|ERROR|MainThread|Configure|subarray_node.py#1289|tango-device:test/nodb/subarraynode|Invalid JSON formatExpecting &apos;:&apos; delimiter: line 1 column 15 (char 14)
</system-out><system-err>Can&apos;t create notifd event supplier. Notifd event not available
</system-err></testcase><testcase classname="test.unit.subarray_node_test" file="test/unit/subarray_node_test.py" line="397" name="test_start_scan_should_command_subarray_to_start_scan_when_it_is_ready" time="5.102"><system-out>1|2020-05-19T08:29:56.394Z|INFO|Thread-1|write_loggingLevel|base_device.py#455|tango-device:test/nodb/subarraynode|Logging level set to LoggingLevel.INFO on Python and Tango loggers
1|2020-05-19T08:29:56.395Z|INFO|Thread-1|update_logging_handlers|base_device.py#163|tango-device:test/nodb/subarraynode|Logging targets set to []
1|2020-05-19T08:29:56.395Z|INFO|Thread-1|init_device|base_device.py#364|tango-device:test/nodb/subarraynode|No Groups loaded for device: test/nodb/subarraynode
1|2020-05-19T08:29:56.395Z|INFO|Thread-1|init_device|base_device.py#366|tango-device:test/nodb/subarraynode|Completed SKABaseDevice.init_device
1|2020-05-19T08:29:56.398Z|INFO|Thread-1|init_device|subarray_node.py#1099|tango-device:test/nodb/subarraynode|Csp Subarray Leaf Node initialized successfully.
1|2020-05-19T08:29:56.400Z|INFO|Thread-1|init_device|subarray_node.py#1131|tango-device:test/nodb/subarraynode|Subarray node is initialized successfully.
Ready to accept request
1|2020-05-19T08:30:01.411Z|INFO|MainThread|Scan|subarray_node.py#624|tango-device:test/nodb/subarraynode|Subarray is scanning at the desired pointing coordinates.
1|2020-05-19T08:30:01.412Z|ERROR|Thread-2|EndScan|subarray_node.py#703|tango-device:test/nodb/subarraynode|End Scan Command Already Executed
Scan is already completed
</system-out><system-err>Can&apos;t create notifd event supplier. Notifd event not available
Exception in thread Thread-2:
Traceback (most recent call last):
  File &quot;/usr/lib/python3.7/threading.py&quot;, line 917, in _bootstrap_inner
    self.run()
  File &quot;/usr/lib/python3.7/threading.py&quot;, line 1166, in run
    self.function(*self.args, **self.kwargs)
  File &quot;/venv/lib/python3.7/site-packages/tango/server.py&quot;, line 1142, in cmd
    return get_worker().execute(f, self, *args, **kwargs)
  File &quot;/venv/lib/python3.7/site-packages/tango/green.py&quot;, line 98, in execute
    return fn(*args, **kwargs)
  File &quot;/venv/lib/python3.7/site-packages/tango/log4tango.py&quot;, line 130, in log_stream
    return f(*args, **kwargs)
  File &quot;/venv/lib/python3.7/site-packages/subarraynode/subarray_node.py&quot;, line 712, in EndScan
    self.throw_exception(exception_message, const.STR_END_SCAN_EXEC)
  File &quot;/venv/lib/python3.7/site-packages/subarraynode/subarray_node.py&quot;, line 975, in throw_exception
    tango.Except.throw_exception(const.STR_CMD_FAILED, err_msg, read_actvity_msg, tango.ErrSeverity.ERR)
PyTango.DevFailed: DevFailed[
DevError[
    desc = End Scan Command Already Executed
           
  origin = ENDSCAN command execution
  reason = SubarrayNode_Commandfailed
severity = ERR]
]

</system-err></testcase><testcase classname="test.unit.subarray_node_test" file="test/unit/subarray_node_test.py" line="465" name="test_end_scan_should_command_subarray_to_end_scan_when_it_is_scanning" time="5.100"><system-out>1|2020-05-19T08:30:01.511Z|INFO|Thread-1|write_loggingLevel|base_device.py#455|tango-device:test/nodb/subarraynode|Logging level set to LoggingLevel.INFO on Python and Tango loggers
1|2020-05-19T08:30:01.511Z|INFO|Thread-1|update_logging_handlers|base_device.py#163|tango-device:test/nodb/subarraynode|Logging targets set to []
1|2020-05-19T08:30:01.511Z|INFO|Thread-1|init_device|base_device.py#364|tango-device:test/nodb/subarraynode|No Groups loaded for device: test/nodb/subarraynode
1|2020-05-19T08:30:01.512Z|INFO|Thread-1|init_device|base_device.py#366|tango-device:test/nodb/subarraynode|Completed SKABaseDevice.init_device
1|2020-05-19T08:30:01.514Z|INFO|Thread-1|init_device|subarray_node.py#1099|tango-device:test/nodb/subarraynode|Csp Subarray Leaf Node initialized successfully.
1|2020-05-19T08:30:01.515Z|INFO|Thread-1|init_device|subarray_node.py#1131|tango-device:test/nodb/subarraynode|Subarray node is initialized successfully.
Ready to accept request
1|2020-05-19T08:30:06.525Z|INFO|MainThread|EndScan|subarray_node.py#695|tango-device:test/nodb/subarraynode|Scan is completed
</system-out><system-err>Can&apos;t create notifd event supplier. Notifd event not available
</system-err></testcase><testcase classname="test.unit.subarray_node_test" file="test/unit/subarray_node_test.py" line="533" name="test_end_sb_should_command_subarray_to_end_sb_when_it_is_ready" time="5.099"><system-out>1|2020-05-19T08:30:06.623Z|INFO|Thread-1|write_loggingLevel|base_device.py#455|tango-device:test/nodb/subarraynode|Logging level set to LoggingLevel.INFO on Python and Tango loggers
1|2020-05-19T08:30:06.623Z|INFO|Thread-1|update_logging_handlers|base_device.py#163|tango-device:test/nodb/subarraynode|Logging targets set to []
1|2020-05-19T08:30:06.624Z|INFO|Thread-1|init_device|base_device.py#364|tango-device:test/nodb/subarraynode|No Groups loaded for device: test/nodb/subarraynode
1|2020-05-19T08:30:06.624Z|INFO|Thread-1|init_device|base_device.py#366|tango-device:test/nodb/subarraynode|Completed SKABaseDevice.init_device
1|2020-05-19T08:30:06.626Z|INFO|Thread-1|init_device|subarray_node.py#1099|tango-device:test/nodb/subarraynode|Csp Subarray Leaf Node initialized successfully.
1|2020-05-19T08:30:06.628Z|INFO|Thread-1|init_device|subarray_node.py#1131|tango-device:test/nodb/subarraynode|Subarray node is initialized successfully.
Ready to accept request
1|2020-05-19T08:30:11.638Z|INFO|MainThread|EndSB|subarray_node.py#1330|tango-device:test/nodb/subarraynode|EndSB command invoked successfully on SDP Subarray Leaf Node and CSP Subarray Leaf Node.
</system-out><system-err>Can&apos;t create notifd event supplier. Notifd event not available
</system-err></testcase><testcase classname="test.unit.subarray_node_test" file="test/unit/subarray_node_test.py" line="597" name="test_obs_state_is_ready_when_other_leaf_node_is_ready_after_start" time="5.106"><system-out>1|2020-05-19T08:30:11.735Z|INFO|Thread-1|write_loggingLevel|base_device.py#455|tango-device:test/nodb/subarraynode|Logging level set to LoggingLevel.INFO on Python and Tango loggers
1|2020-05-19T08:30:11.736Z|INFO|Thread-1|update_logging_handlers|base_device.py#163|tango-device:test/nodb/subarraynode|Logging targets set to []
1|2020-05-19T08:30:11.736Z|INFO|Thread-1|init_device|base_device.py#364|tango-device:test/nodb/subarraynode|No Groups loaded for device: test/nodb/subarraynode
1|2020-05-19T08:30:11.736Z|INFO|Thread-1|init_device|base_device.py#366|tango-device:test/nodb/subarraynode|Completed SKABaseDevice.init_device
1|2020-05-19T08:30:11.739Z|INFO|Thread-1|init_device|subarray_node.py#1099|tango-device:test/nodb/subarraynode|Csp Subarray Leaf Node initialized successfully.
1|2020-05-19T08:30:11.740Z|INFO|Thread-1|init_device|subarray_node.py#1131|tango-device:test/nodb/subarraynode|Subarray node is initialized successfully.
Ready to accept request
</system-out><system-err>Can&apos;t create notifd event supplier. Notifd event not available
</system-err></testcase><testcase classname="test.unit.subarray_node_test" file="test/unit/subarray_node_test.py" line="655" name="test_obs_state_is_scanning_when_other_leaf_node_is_scanning_after_start" time="5.107"><system-out>1|2020-05-19T08:30:16.852Z|INFO|Thread-1|write_loggingLevel|base_device.py#455|tango-device:test/nodb/subarraynode|Logging level set to LoggingLevel.INFO on Python and Tango loggers
1|2020-05-19T08:30:16.852Z|INFO|Thread-1|update_logging_handlers|base_device.py#163|tango-device:test/nodb/subarraynode|Logging targets set to []
1|2020-05-19T08:30:16.852Z|INFO|Thread-1|init_device|base_device.py#364|tango-device:test/nodb/subarraynode|No Groups loaded for device: test/nodb/subarraynode
1|2020-05-19T08:30:16.853Z|INFO|Thread-1|init_device|base_device.py#366|tango-device:test/nodb/subarraynode|Completed SKABaseDevice.init_device
1|2020-05-19T08:30:16.856Z|INFO|Thread-1|init_device|subarray_node.py#1099|tango-device:test/nodb/subarraynode|Csp Subarray Leaf Node initialized successfully.
1|2020-05-19T08:30:16.857Z|INFO|Thread-1|init_device|subarray_node.py#1131|tango-device:test/nodb/subarraynode|Subarray node is initialized successfully.
Ready to accept request
</system-out><system-err>Can&apos;t create notifd event supplier. Notifd event not available
</system-err></testcase><testcase classname="test.unit.subarray_node_test" file="test/unit/subarray_node_test.py" line="710" name="test_subarray_health_state_is_degraded_when_csp_subarray1_ln_is_degraded_after_start" time="0.107"><system-out>1|2020-05-19T08:30:21.994Z|INFO|Thread-1|write_loggingLevel|base_device.py#455|tango-device:test/nodb/subarraynode|Logging level set to LoggingLevel.INFO on Python and Tango loggers
1|2020-05-19T08:30:21.994Z|INFO|Thread-1|update_logging_handlers|base_device.py#163|tango-device:test/nodb/subarraynode|Logging targets set to []
1|2020-05-19T08:30:21.995Z|INFO|Thread-1|init_device|base_device.py#364|tango-device:test/nodb/subarraynode|No Groups loaded for device: test/nodb/subarraynode
1|2020-05-19T08:30:21.995Z|INFO|Thread-1|init_device|base_device.py#366|tango-device:test/nodb/subarraynode|Completed SKABaseDevice.init_device
1|2020-05-19T08:30:21.998Z|INFO|Thread-1|init_device|subarray_node.py#1099|tango-device:test/nodb/subarraynode|Csp Subarray Leaf Node initialized successfully.
1|2020-05-19T08:30:21.999Z|INFO|Thread-1|init_device|subarray_node.py#1131|tango-device:test/nodb/subarraynode|Subarray node is initialized successfully.
Ready to accept request
</system-out><system-err>Can&apos;t create notifd event supplier. Notifd event not available
</system-err></testcase><testcase classname="test.unit.subarray_node_test" file="test/unit/subarray_node_test.py" line="740" name="test_subarray_health_state_is_ok_when_csp_and_sdp_subarray1_ln_is_ok_after_start" time="0.092"><system-out>1|2020-05-19T08:30:22.097Z|INFO|Thread-1|write_loggingLevel|base_device.py#455|tango-device:test/nodb/subarraynode|Logging level set to LoggingLevel.INFO on Python and Tango loggers
1|2020-05-19T08:30:22.097Z|INFO|Thread-1|update_logging_handlers|base_device.py#163|tango-device:test/nodb/subarraynode|Logging targets set to []
1|2020-05-19T08:30:22.098Z|INFO|Thread-1|init_device|base_device.py#364|tango-device:test/nodb/subarraynode|No Groups loaded for device: test/nodb/subarraynode
1|2020-05-19T08:30:22.098Z|INFO|Thread-1|init_device|base_device.py#366|tango-device:test/nodb/subarraynode|Completed SKABaseDevice.init_device
1|2020-05-19T08:30:22.100Z|INFO|Thread-1|init_device|subarray_node.py#1099|tango-device:test/nodb/subarraynode|Csp Subarray Leaf Node initialized successfully.
1|2020-05-19T08:30:22.102Z|INFO|Thread-1|init_device|subarray_node.py#1131|tango-device:test/nodb/subarraynode|Subarray node is initialized successfully.
Ready to accept request
</system-out><system-err>Can&apos;t create notifd event supplier. Notifd event not available
</system-err></testcase><testcase classname="test.unit.subarray_node_test" file="test/unit/subarray_node_test.py" line="785" name="test_subarray_health_state_is_unknown_when_csp_subarray1_ln_is_unknown_after_start" time="0.096"><system-out>1|2020-05-19T08:30:22.203Z|INFO|Thread-1|write_loggingLevel|base_device.py#455|tango-device:test/nodb/subarraynode|Logging level set to LoggingLevel.INFO on Python and Tango loggers
1|2020-05-19T08:30:22.204Z|INFO|Thread-1|update_logging_handlers|base_device.py#163|tango-device:test/nodb/subarraynode|Logging targets set to []
1|2020-05-19T08:30:22.204Z|INFO|Thread-1|init_device|base_device.py#364|tango-device:test/nodb/subarraynode|No Groups loaded for device: test/nodb/subarraynode
1|2020-05-19T08:30:22.204Z|INFO|Thread-1|init_device|base_device.py#366|tango-device:test/nodb/subarraynode|Completed SKABaseDevice.init_device
1|2020-05-19T08:30:22.207Z|INFO|Thread-1|init_device|subarray_node.py#1099|tango-device:test/nodb/subarraynode|Csp Subarray Leaf Node initialized successfully.
1|2020-05-19T08:30:22.209Z|INFO|Thread-1|init_device|subarray_node.py#1131|tango-device:test/nodb/subarraynode|Subarray node is initialized successfully.
Ready to accept request
</system-out><system-err>Can&apos;t create notifd event supplier. Notifd event not available
</system-err></testcase><testcase classname="test.unit.subarray_node_test" file="test/unit/subarray_node_test.py" line="815" name="test_subarray_health_state_is_failed_when_csp_subarray1_ln_is_failed_after_start" time="0.108"><system-out>1|2020-05-19T08:30:22.327Z|INFO|Thread-1|write_loggingLevel|base_device.py#455|tango-device:test/nodb/subarraynode|Logging level set to LoggingLevel.INFO on Python and Tango loggers
1|2020-05-19T08:30:22.328Z|INFO|Thread-1|update_logging_handlers|base_device.py#163|tango-device:test/nodb/subarraynode|Logging targets set to []
1|2020-05-19T08:30:22.329Z|INFO|Thread-1|init_device|base_device.py#364|tango-device:test/nodb/subarraynode|No Groups loaded for device: test/nodb/subarraynode
1|2020-05-19T08:30:22.329Z|INFO|Thread-1|init_device|base_device.py#366|tango-device:test/nodb/subarraynode|Completed SKABaseDevice.init_device
1|2020-05-19T08:30:22.331Z|INFO|Thread-1|init_device|subarray_node.py#1099|tango-device:test/nodb/subarraynode|Csp Subarray Leaf Node initialized successfully.
1|2020-05-19T08:30:22.333Z|INFO|Thread-1|init_device|subarray_node.py#1131|tango-device:test/nodb/subarraynode|Subarray node is initialized successfully.
Ready to accept request
</system-out><system-err>Can&apos;t create notifd event supplier. Notifd event not available
</system-err></testcase><testcase classname="test.unit.subarray_node_test" file="test/unit/subarray_node_test.py" line="854" name="test_subarray_device_state_is_on_when_csp_and_sdp_subarray1_is_on_after_start" time="0.114"><system-out>1|2020-05-19T08:30:22.452Z|INFO|Thread-1|write_loggingLevel|base_device.py#455|tango-device:test/nodb/subarraynode|Logging level set to LoggingLevel.INFO on Python and Tango loggers
1|2020-05-19T08:30:22.452Z|INFO|Thread-1|update_logging_handlers|base_device.py#163|tango-device:test/nodb/subarraynode|Logging targets set to []
1|2020-05-19T08:30:22.453Z|INFO|Thread-1|init_device|base_device.py#364|tango-device:test/nodb/subarraynode|No Groups loaded for device: test/nodb/subarraynode
1|2020-05-19T08:30:22.453Z|INFO|Thread-1|init_device|base_device.py#366|tango-device:test/nodb/subarraynode|Completed SKABaseDevice.init_device
1|2020-05-19T08:30:22.456Z|INFO|Thread-1|init_device|subarray_node.py#1099|tango-device:test/nodb/subarraynode|Csp Subarray Leaf Node initialized successfully.
1|2020-05-19T08:30:22.458Z|INFO|Thread-1|init_device|subarray_node.py#1131|tango-device:test/nodb/subarraynode|Subarray node is initialized successfully.
Ready to accept request
1|2020-05-19T08:30:22.462Z|INFO|MainThread|calculate_device_state|subarray_node.py#186|tango-device:test/nodb/subarraynode|CSP and SDP subarray are not in ON state
</system-out><system-err>Can&apos;t create notifd event supplier. Notifd event not available
</system-err></testcase><testcase classname="test.unit.subarray_node_test" file="test/unit/subarray_node_test.py" line="894" name="test_status" time="0.130"><system-out>1|2020-05-19T08:30:22.604Z|INFO|Thread-1|write_loggingLevel|base_device.py#455|tango-device:test/nodb/subarraynode|Logging level set to LoggingLevel.INFO on Python and Tango loggers
1|2020-05-19T08:30:22.605Z|INFO|Thread-1|update_logging_handlers|base_device.py#163|tango-device:test/nodb/subarraynode|Logging targets set to []
1|2020-05-19T08:30:22.605Z|INFO|Thread-1|init_device|base_device.py#364|tango-device:test/nodb/subarraynode|No Groups loaded for device: test/nodb/subarraynode
1|2020-05-19T08:30:22.605Z|INFO|Thread-1|init_device|base_device.py#366|tango-device:test/nodb/subarraynode|Completed SKABaseDevice.init_device
1|2020-05-19T08:30:22.610Z|INFO|Thread-1|init_device|subarray_node.py#1099|tango-device:test/nodb/subarraynode|Csp Subarray Leaf Node initialized successfully.
1|2020-05-19T08:30:22.611Z|INFO|Thread-1|init_device|subarray_node.py#1131|tango-device:test/nodb/subarraynode|Subarray node is initialized successfully.
Ready to accept request
</system-out><system-err>Can&apos;t create notifd event supplier. Notifd event not available
</system-err></testcase><testcase classname="test.unit.subarray_node_test" file="test/unit/subarray_node_test.py" line="900" name="test_state" time="0.094"><system-out>1|2020-05-19T08:30:22.715Z|INFO|Thread-1|write_loggingLevel|base_device.py#455|tango-device:test/nodb/subarraynode|Logging level set to LoggingLevel.INFO on Python and Tango loggers
1|2020-05-19T08:30:22.716Z|INFO|Thread-1|update_logging_handlers|base_device.py#163|tango-device:test/nodb/subarraynode|Logging targets set to []
1|2020-05-19T08:30:22.716Z|INFO|Thread-1|init_device|base_device.py#364|tango-device:test/nodb/subarraynode|No Groups loaded for device: test/nodb/subarraynode
1|2020-05-19T08:30:22.716Z|INFO|Thread-1|init_device|base_device.py#366|tango-device:test/nodb/subarraynode|Completed SKABaseDevice.init_device
1|2020-05-19T08:30:22.719Z|INFO|Thread-1|init_device|subarray_node.py#1099|tango-device:test/nodb/subarraynode|Csp Subarray Leaf Node initialized successfully.
1|2020-05-19T08:30:22.721Z|INFO|Thread-1|init_device|subarray_node.py#1131|tango-device:test/nodb/subarraynode|Subarray node is initialized successfully.
Ready to accept request
</system-out><system-err>Can&apos;t create notifd event supplier. Notifd event not available
</system-err></testcase><testcase classname="test.unit.subarray_node_test" file="test/unit/subarray_node_test.py" line="906" name="test_health_state" time="0.101"><system-out>1|2020-05-19T08:30:22.821Z|INFO|Thread-1|write_loggingLevel|base_device.py#455|tango-device:test/nodb/subarraynode|Logging level set to LoggingLevel.INFO on Python and Tango loggers
1|2020-05-19T08:30:22.821Z|INFO|Thread-1|update_logging_handlers|base_device.py#163|tango-device:test/nodb/subarraynode|Logging targets set to []
1|2020-05-19T08:30:22.822Z|INFO|Thread-1|init_device|base_device.py#364|tango-device:test/nodb/subarraynode|No Groups loaded for device: test/nodb/subarraynode
1|2020-05-19T08:30:22.822Z|INFO|Thread-1|init_device|base_device.py#366|tango-device:test/nodb/subarraynode|Completed SKABaseDevice.init_device
1|2020-05-19T08:30:22.826Z|INFO|Thread-1|init_device|subarray_node.py#1099|tango-device:test/nodb/subarraynode|Csp Subarray Leaf Node initialized successfully.
1|2020-05-19T08:30:22.829Z|INFO|Thread-1|init_device|subarray_node.py#1131|tango-device:test/nodb/subarraynode|Subarray node is initialized successfully.
Ready to accept request
</system-out><system-err>Can&apos;t create notifd event supplier. Notifd event not available
</system-err></testcase><testcase classname="test.unit.subarray_node_test" file="test/unit/subarray_node_test.py" line="912" name="test_activation_time" time="0.111"><system-out>1|2020-05-19T08:30:22.944Z|INFO|Thread-1|write_loggingLevel|base_device.py#455|tango-device:test/nodb/subarraynode|Logging level set to LoggingLevel.INFO on Python and Tango loggers
1|2020-05-19T08:30:22.944Z|INFO|Thread-1|update_logging_handlers|base_device.py#163|tango-device:test/nodb/subarraynode|Logging targets set to []
1|2020-05-19T08:30:22.945Z|INFO|Thread-1|init_device|base_device.py#364|tango-device:test/nodb/subarraynode|No Groups loaded for device: test/nodb/subarraynode
1|2020-05-19T08:30:22.945Z|INFO|Thread-1|init_device|base_device.py#366|tango-device:test/nodb/subarraynode|Completed SKABaseDevice.init_device
1|2020-05-19T08:30:22.949Z|INFO|Thread-1|init_device|subarray_node.py#1099|tango-device:test/nodb/subarraynode|Csp Subarray Leaf Node initialized successfully.
1|2020-05-19T08:30:22.952Z|INFO|Thread-1|init_device|subarray_node.py#1131|tango-device:test/nodb/subarraynode|Subarray node is initialized successfully.
Ready to accept request
</system-out><system-err>Can&apos;t create notifd event supplier. Notifd event not available
</system-err></testcase><testcase classname="test.unit.subarray_node_test" file="test/unit/subarray_node_test.py" line="918" name="test_admin_mode" time="0.102"><system-out>1|2020-05-19T08:30:23.062Z|INFO|Thread-1|write_loggingLevel|base_device.py#455|tango-device:test/nodb/subarraynode|Logging level set to LoggingLevel.INFO on Python and Tango loggers
1|2020-05-19T08:30:23.062Z|INFO|Thread-1|update_logging_handlers|base_device.py#163|tango-device:test/nodb/subarraynode|Logging targets set to []
1|2020-05-19T08:30:23.063Z|INFO|Thread-1|init_device|base_device.py#364|tango-device:test/nodb/subarraynode|No Groups loaded for device: test/nodb/subarraynode
1|2020-05-19T08:30:23.063Z|INFO|Thread-1|init_device|base_device.py#366|tango-device:test/nodb/subarraynode|Completed SKABaseDevice.init_device
1|2020-05-19T08:30:23.066Z|INFO|Thread-1|init_device|subarray_node.py#1099|tango-device:test/nodb/subarraynode|Csp Subarray Leaf Node initialized successfully.
1|2020-05-19T08:30:23.067Z|INFO|Thread-1|init_device|subarray_node.py#1131|tango-device:test/nodb/subarraynode|Subarray node is initialized successfully.
Ready to accept request
</system-out><system-err>Can&apos;t create notifd event supplier. Notifd event not available
</system-err></testcase><testcase classname="test.unit.subarray_node_test" file="test/unit/subarray_node_test.py" line="924" name="test_build_state" time="0.106"><system-out>1|2020-05-19T08:30:23.183Z|INFO|Thread-1|write_loggingLevel|base_device.py#455|tango-device:test/nodb/subarraynode|Logging level set to LoggingLevel.INFO on Python and Tango loggers
1|2020-05-19T08:30:23.183Z|INFO|Thread-1|update_logging_handlers|base_device.py#163|tango-device:test/nodb/subarraynode|Logging targets set to []
1|2020-05-19T08:30:23.184Z|INFO|Thread-1|init_device|base_device.py#364|tango-device:test/nodb/subarraynode|No Groups loaded for device: test/nodb/subarraynode
1|2020-05-19T08:30:23.184Z|INFO|Thread-1|init_device|base_device.py#366|tango-device:test/nodb/subarraynode|Completed SKABaseDevice.init_device
1|2020-05-19T08:30:23.187Z|INFO|Thread-1|init_device|subarray_node.py#1099|tango-device:test/nodb/subarraynode|Csp Subarray Leaf Node initialized successfully.
1|2020-05-19T08:30:23.188Z|INFO|Thread-1|init_device|subarray_node.py#1131|tango-device:test/nodb/subarraynode|Subarray node is initialized successfully.
Ready to accept request
</system-out><system-err>Can&apos;t create notifd event supplier. Notifd event not available
</system-err></testcase><testcase classname="test.unit.subarray_node_test" file="test/unit/subarray_node_test.py" line="931" name="test_configuration_delay_expected" time="0.103"><system-out>1|2020-05-19T08:30:23.300Z|INFO|Thread-1|write_loggingLevel|base_device.py#455|tango-device:test/nodb/subarraynode|Logging level set to LoggingLevel.INFO on Python and Tango loggers
1|2020-05-19T08:30:23.301Z|INFO|Thread-1|update_logging_handlers|base_device.py#163|tango-device:test/nodb/subarraynode|Logging targets set to []
1|2020-05-19T08:30:23.301Z|INFO|Thread-1|init_device|base_device.py#364|tango-device:test/nodb/subarraynode|No Groups loaded for device: test/nodb/subarraynode
1|2020-05-19T08:30:23.301Z|INFO|Thread-1|init_device|base_device.py#366|tango-device:test/nodb/subarraynode|Completed SKABaseDevice.init_device
1|2020-05-19T08:30:23.304Z|INFO|Thread-1|init_device|subarray_node.py#1099|tango-device:test/nodb/subarraynode|Csp Subarray Leaf Node initialized successfully.
1|2020-05-19T08:30:23.306Z|INFO|Thread-1|init_device|subarray_node.py#1131|tango-device:test/nodb/subarraynode|Subarray node is initialized successfully.
Ready to accept request
</system-out><system-err>Can&apos;t create notifd event supplier. Notifd event not available
</system-err></testcase><testcase classname="test.unit.subarray_node_test" file="test/unit/subarray_node_test.py" line="937" name="test_configuration_progress" time="0.101"><system-out>1|2020-05-19T08:30:23.416Z|INFO|Thread-1|write_loggingLevel|base_device.py#455|tango-device:test/nodb/subarraynode|Logging level set to LoggingLevel.INFO on Python and Tango loggers
1|2020-05-19T08:30:23.417Z|INFO|Thread-1|update_logging_handlers|base_device.py#163|tango-device:test/nodb/subarraynode|Logging targets set to []
1|2020-05-19T08:30:23.417Z|INFO|Thread-1|init_device|base_device.py#364|tango-device:test/nodb/subarraynode|No Groups loaded for device: test/nodb/subarraynode
1|2020-05-19T08:30:23.417Z|INFO|Thread-1|init_device|base_device.py#366|tango-device:test/nodb/subarraynode|Completed SKABaseDevice.init_device
1|2020-05-19T08:30:23.420Z|INFO|Thread-1|init_device|subarray_node.py#1099|tango-device:test/nodb/subarraynode|Csp Subarray Leaf Node initialized successfully.
1|2020-05-19T08:30:23.422Z|INFO|Thread-1|init_device|subarray_node.py#1131|tango-device:test/nodb/subarraynode|Subarray node is initialized successfully.
Ready to accept request
</system-out><system-err>Can&apos;t create notifd event supplier. Notifd event not available
</system-err></testcase><testcase classname="test.unit.subarray_node_test" file="test/unit/subarray_node_test.py" line="943" name="test_control_mode" time="0.130"><system-out>1|2020-05-19T08:30:23.549Z|INFO|Thread-1|write_loggingLevel|base_device.py#455|tango-device:test/nodb/subarraynode|Logging level set to LoggingLevel.INFO on Python and Tango loggers
1|2020-05-19T08:30:23.550Z|INFO|Thread-1|update_logging_handlers|base_device.py#163|tango-device:test/nodb/subarraynode|Logging targets set to []
1|2020-05-19T08:30:23.550Z|INFO|Thread-1|init_device|base_device.py#364|tango-device:test/nodb/subarraynode|No Groups loaded for device: test/nodb/subarraynode
1|2020-05-19T08:30:23.550Z|INFO|Thread-1|init_device|base_device.py#366|tango-device:test/nodb/subarraynode|Completed SKABaseDevice.init_device
1|2020-05-19T08:30:23.555Z|INFO|Thread-1|init_device|subarray_node.py#1099|tango-device:test/nodb/subarraynode|Csp Subarray Leaf Node initialized successfully.
1|2020-05-19T08:30:23.559Z|INFO|Thread-1|init_device|subarray_node.py#1131|tango-device:test/nodb/subarraynode|Subarray node is initialized successfully.
Ready to accept request
</system-out><system-err>Can&apos;t create notifd event supplier. Notifd event not available
</system-err></testcase><testcase classname="test.unit.subarray_node_test" file="test/unit/subarray_node_test.py" line="951" name="test_obs_mode" time="0.209"><system-out>1|2020-05-19T08:30:23.775Z|INFO|Thread-1|write_loggingLevel|base_device.py#455|tango-device:test/nodb/subarraynode|Logging level set to LoggingLevel.INFO on Python and Tango loggers
1|2020-05-19T08:30:23.775Z|INFO|Thread-1|update_logging_handlers|base_device.py#163|tango-device:test/nodb/subarraynode|Logging targets set to []
1|2020-05-19T08:30:23.775Z|INFO|Thread-1|init_device|base_device.py#364|tango-device:test/nodb/subarraynode|No Groups loaded for device: test/nodb/subarraynode
1|2020-05-19T08:30:23.776Z|INFO|Thread-1|init_device|base_device.py#366|tango-device:test/nodb/subarraynode|Completed SKABaseDevice.init_device
1|2020-05-19T08:30:23.778Z|INFO|Thread-1|init_device|subarray_node.py#1099|tango-device:test/nodb/subarraynode|Csp Subarray Leaf Node initialized successfully.
1|2020-05-19T08:30:23.780Z|INFO|Thread-1|init_device|subarray_node.py#1131|tango-device:test/nodb/subarraynode|Subarray node is initialized successfully.
Ready to accept request
</system-out><system-err>Can&apos;t create notifd event supplier. Notifd event not available
</system-err></testcase><testcase classname="test.unit.subarray_node_test" file="test/unit/subarray_node_test.py" line="957" name="test_obs_state" time="0.089"><system-out>1|2020-05-19T08:30:24.003Z|INFO|Thread-1|write_loggingLevel|base_device.py#455|tango-device:test/nodb/subarraynode|Logging level set to LoggingLevel.INFO on Python and Tango loggers
1|2020-05-19T08:30:24.003Z|INFO|Thread-1|update_logging_handlers|base_device.py#163|tango-device:test/nodb/subarraynode|Logging targets set to []
1|2020-05-19T08:30:24.004Z|INFO|Thread-1|init_device|base_device.py#364|tango-device:test/nodb/subarraynode|No Groups loaded for device: test/nodb/subarraynode
1|2020-05-19T08:30:24.004Z|INFO|Thread-1|init_device|base_device.py#366|tango-device:test/nodb/subarraynode|Completed SKABaseDevice.init_device
1|2020-05-19T08:30:24.007Z|INFO|Thread-1|init_device|subarray_node.py#1099|tango-device:test/nodb/subarraynode|Csp Subarray Leaf Node initialized successfully.
1|2020-05-19T08:30:24.008Z|INFO|Thread-1|init_device|subarray_node.py#1131|tango-device:test/nodb/subarraynode|Subarray node is initialized successfully.
Ready to accept request
</system-out><system-err>Can&apos;t create notifd event supplier. Notifd event not available
</system-err></testcase><testcase classname="test.unit.subarray_node_test" file="test/unit/subarray_node_test.py" line="963" name="test_simulation_mode" time="0.089"><system-out>1|2020-05-19T08:30:24.102Z|INFO|Thread-1|write_loggingLevel|base_device.py#455|tango-device:test/nodb/subarraynode|Logging level set to LoggingLevel.INFO on Python and Tango loggers
1|2020-05-19T08:30:24.103Z|INFO|Thread-1|update_logging_handlers|base_device.py#163|tango-device:test/nodb/subarraynode|Logging targets set to []
1|2020-05-19T08:30:24.103Z|INFO|Thread-1|init_device|base_device.py#364|tango-device:test/nodb/subarraynode|No Groups loaded for device: test/nodb/subarraynode
1|2020-05-19T08:30:24.103Z|INFO|Thread-1|init_device|base_device.py#366|tango-device:test/nodb/subarraynode|Completed SKABaseDevice.init_device
1|2020-05-19T08:30:24.106Z|INFO|Thread-1|init_device|subarray_node.py#1099|tango-device:test/nodb/subarraynode|Csp Subarray Leaf Node initialized successfully.
1|2020-05-19T08:30:24.108Z|INFO|Thread-1|init_device|subarray_node.py#1131|tango-device:test/nodb/subarraynode|Subarray node is initialized successfully.
Ready to accept request
</system-out><system-err>Can&apos;t create notifd event supplier. Notifd event not available
</system-err></testcase><testcase classname="test.unit.subarray_node_test" file="test/unit/subarray_node_test.py" line="971" name="test_test_mode" time="0.092"><system-out>1|2020-05-19T08:30:24.206Z|INFO|Thread-1|write_loggingLevel|base_device.py#455|tango-device:test/nodb/subarraynode|Logging level set to LoggingLevel.INFO on Python and Tango loggers
1|2020-05-19T08:30:24.206Z|INFO|Thread-1|update_logging_handlers|base_device.py#163|tango-device:test/nodb/subarraynode|Logging targets set to []
1|2020-05-19T08:30:24.207Z|INFO|Thread-1|init_device|base_device.py#364|tango-device:test/nodb/subarraynode|No Groups loaded for device: test/nodb/subarraynode
1|2020-05-19T08:30:24.207Z|INFO|Thread-1|init_device|base_device.py#366|tango-device:test/nodb/subarraynode|Completed SKABaseDevice.init_device
1|2020-05-19T08:30:24.210Z|INFO|Thread-1|init_device|subarray_node.py#1099|tango-device:test/nodb/subarraynode|Csp Subarray Leaf Node initialized successfully.
1|2020-05-19T08:30:24.212Z|INFO|Thread-1|init_device|subarray_node.py#1131|tango-device:test/nodb/subarraynode|Subarray node is initialized successfully.
Ready to accept request
</system-out><system-err>Can&apos;t create notifd event supplier. Notifd event not available
</system-err></testcase><testcase classname="test.unit.subarray_node_test" file="test/unit/subarray_node_test.py" line="979" name="test_version_id" time="0.131"><system-out>1|2020-05-19T08:30:24.313Z|INFO|Thread-1|write_loggingLevel|base_device.py#455|tango-device:test/nodb/subarraynode|Logging level set to LoggingLevel.INFO on Python and Tango loggers
1|2020-05-19T08:30:24.314Z|INFO|Thread-1|update_logging_handlers|base_device.py#163|tango-device:test/nodb/subarraynode|Logging targets set to []
1|2020-05-19T08:30:24.314Z|INFO|Thread-1|init_device|base_device.py#364|tango-device:test/nodb/subarraynode|No Groups loaded for device: test/nodb/subarraynode
1|2020-05-19T08:30:24.314Z|INFO|Thread-1|init_device|base_device.py#366|tango-device:test/nodb/subarraynode|Completed SKABaseDevice.init_device
1|2020-05-19T08:30:24.317Z|INFO|Thread-1|init_device|subarray_node.py#1099|tango-device:test/nodb/subarraynode|Csp Subarray Leaf Node initialized successfully.
1|2020-05-19T08:30:24.319Z|INFO|Thread-1|init_device|subarray_node.py#1131|tango-device:test/nodb/subarraynode|Subarray node is initialized successfully.
Ready to accept request
</system-out><system-err>Can&apos;t create notifd event supplier. Notifd event not available
</system-err></testcase><testcase classname="test.unit.subarray_node_test" file="test/unit/subarray_node_test.py" line="985" name="test_scan_id" time="0.132"><system-out>1|2020-05-19T08:30:24.494Z|INFO|Thread-1|write_loggingLevel|base_device.py#455|tango-device:test/nodb/subarraynode|Logging level set to LoggingLevel.INFO on Python and Tango loggers
1|2020-05-19T08:30:24.495Z|INFO|Thread-1|update_logging_handlers|base_device.py#163|tango-device:test/nodb/subarraynode|Logging targets set to []
1|2020-05-19T08:30:24.495Z|INFO|Thread-1|init_device|base_device.py#364|tango-device:test/nodb/subarraynode|No Groups loaded for device: test/nodb/subarraynode
1|2020-05-19T08:30:24.496Z|INFO|Thread-1|init_device|base_device.py#366|tango-device:test/nodb/subarraynode|Completed SKABaseDevice.init_device
1|2020-05-19T08:30:24.501Z|INFO|Thread-1|init_device|subarray_node.py#1099|tango-device:test/nodb/subarraynode|Csp Subarray Leaf Node initialized successfully.
1|2020-05-19T08:30:24.502Z|INFO|Thread-1|init_device|subarray_node.py#1131|tango-device:test/nodb/subarraynode|Subarray node is initialized successfully.
Ready to accept request
</system-out><system-err>Can&apos;t create notifd event supplier. Notifd event not available
</system-err></testcase><testcase classname="test.unit.subarray_node_test" file="test/unit/subarray_node_test.py" line="991" name="test_sb_id" time="0.135"><system-out>1|2020-05-19T08:30:24.643Z|INFO|Thread-1|write_loggingLevel|base_device.py#455|tango-device:test/nodb/subarraynode|Logging level set to LoggingLevel.INFO on Python and Tango loggers
1|2020-05-19T08:30:24.645Z|INFO|Thread-1|update_logging_handlers|base_device.py#163|tango-device:test/nodb/subarraynode|Logging targets set to []
1|2020-05-19T08:30:24.645Z|INFO|Thread-1|init_device|base_device.py#364|tango-device:test/nodb/subarraynode|No Groups loaded for device: test/nodb/subarraynode
1|2020-05-19T08:30:24.646Z|INFO|Thread-1|init_device|base_device.py#366|tango-device:test/nodb/subarraynode|Completed SKABaseDevice.init_device
1|2020-05-19T08:30:24.651Z|INFO|Thread-1|init_device|subarray_node.py#1099|tango-device:test/nodb/subarraynode|Csp Subarray Leaf Node initialized successfully.
1|2020-05-19T08:30:24.653Z|INFO|Thread-1|init_device|subarray_node.py#1131|tango-device:test/nodb/subarraynode|Subarray node is initialized successfully.
Ready to accept request
</system-out><system-err>Can&apos;t create notifd event supplier. Notifd event not available
</system-err></testcase><testcase classname="test.unit.subarray_node_test" file="test/unit/subarray_node_test.py" line="997" name="test_activity_message" time="0.156"><system-out>1|2020-05-19T08:30:24.781Z|INFO|Thread-1|write_loggingLevel|base_device.py#455|tango-device:test/nodb/subarraynode|Logging level set to LoggingLevel.INFO on Python and Tango loggers
1|2020-05-19T08:30:24.782Z|INFO|Thread-1|update_logging_handlers|base_device.py#163|tango-device:test/nodb/subarraynode|Logging targets set to []
1|2020-05-19T08:30:24.782Z|INFO|Thread-1|init_device|base_device.py#364|tango-device:test/nodb/subarraynode|No Groups loaded for device: test/nodb/subarraynode
1|2020-05-19T08:30:24.783Z|INFO|Thread-1|init_device|base_device.py#366|tango-device:test/nodb/subarraynode|Completed SKABaseDevice.init_device
1|2020-05-19T08:30:24.786Z|INFO|Thread-1|init_device|subarray_node.py#1099|tango-device:test/nodb/subarraynode|Csp Subarray Leaf Node initialized successfully.
1|2020-05-19T08:30:24.787Z|INFO|Thread-1|init_device|subarray_node.py#1131|tango-device:test/nodb/subarraynode|Subarray node is initialized successfully.
Ready to accept request
</system-out><system-err>Can&apos;t create notifd event supplier. Notifd event not available
</system-err></testcase><testcase classname="test.unit.subarray_node_test" file="test/unit/subarray_node_test.py" line="1003" name="test_configured_capabilities" time="0.162"><system-out>1|2020-05-19T08:30:25.003Z|INFO|Thread-1|write_loggingLevel|base_device.py#455|tango-device:test/nodb/subarraynode|Logging level set to LoggingLevel.INFO on Python and Tango loggers
1|2020-05-19T08:30:25.004Z|INFO|Thread-1|update_logging_handlers|base_device.py#163|tango-device:test/nodb/subarraynode|Logging targets set to []
1|2020-05-19T08:30:25.005Z|INFO|Thread-1|init_device|base_device.py#364|tango-device:test/nodb/subarraynode|No Groups loaded for device: test/nodb/subarraynode
1|2020-05-19T08:30:25.005Z|INFO|Thread-1|init_device|base_device.py#366|tango-device:test/nodb/subarraynode|Completed SKABaseDevice.init_device
1|2020-05-19T08:30:25.012Z|INFO|Thread-1|init_device|subarray_node.py#1099|tango-device:test/nodb/subarraynode|Csp Subarray Leaf Node initialized successfully.
1|2020-05-19T08:30:25.014Z|INFO|Thread-1|init_device|subarray_node.py#1131|tango-device:test/nodb/subarraynode|Subarray node is initialized successfully.
Ready to accept request
</system-out><system-err>Can&apos;t create notifd event supplier. Notifd event not available
</system-err></testcase><testcase classname="test.unit.subarray_node_test" file="test/unit/subarray_node_test.py" line="1009" name="test_receptor_id_list" time="0.104"><system-out>1|2020-05-19T08:30:25.122Z|INFO|Thread-1|write_loggingLevel|base_device.py#455|tango-device:test/nodb/subarraynode|Logging level set to LoggingLevel.INFO on Python and Tango loggers
1|2020-05-19T08:30:25.122Z|INFO|Thread-1|update_logging_handlers|base_device.py#163|tango-device:test/nodb/subarraynode|Logging targets set to []
1|2020-05-19T08:30:25.122Z|INFO|Thread-1|init_device|base_device.py#364|tango-device:test/nodb/subarraynode|No Groups loaded for device: test/nodb/subarraynode
1|2020-05-19T08:30:25.123Z|INFO|Thread-1|init_device|base_device.py#366|tango-device:test/nodb/subarraynode|Completed SKABaseDevice.init_device
1|2020-05-19T08:30:25.128Z|INFO|Thread-1|init_device|subarray_node.py#1099|tango-device:test/nodb/subarraynode|Csp Subarray Leaf Node initialized successfully.
1|2020-05-19T08:30:25.131Z|INFO|Thread-1|init_device|subarray_node.py#1131|tango-device:test/nodb/subarraynode|Subarray node is initialized successfully.
Ready to accept request
</system-out><system-err>Can&apos;t create notifd event supplier. Notifd event not available
</system-err></testcase></testsuite></testsuites>